<?xml version="1.0" encoding="UTF-8"?><testsuite errors="0" failures="1" name="org.icrc.fadapplic.IRIS.FAD.AccountsPayable.ManageBankAccount" skipped="0" tests="5" time="354.75" timestamp="2024-01-23 04:19:43"><testcase classname="org.icrc.fadapplic.IRIS.FAD.AccountsPayable.ManageBankAccount" name="Add a bank account"/><testcase classname="org.icrc.fadapplic.IRIS.FAD.AccountsPayable.ManageBankAccount" name="Edit a bank account"/><testcase classname="org.icrc.fadapplic.IRIS.FAD.AccountsPayable.ManageBankAccount" name="Search a bank account"/><testcase classname="org.icrc.fadapplic.IRIS.FAD.AccountsPayable.ManageBankAccount" name="Activate a bank account"/><testcase classname="org.icrc.fadapplic.IRIS.FAD.AccountsPayable.ManageBankAccount" name="Manage bank account using GVAGL bank account"><failure type="java.lang.AssertionError"/><system-err>null&#13;
steps.IRIS.FAD.ManageBankAccountSteps.then_the_Bank_Account_edited_successfully_notification_should_show_up(ManageBankAccountSteps.java:146)&#13;
org.icrc.fadapplic.IRIS.FAD.AccountsPayable.ManageBankAccount.manageBankAccountUsingGVAGLBankAccount(ManageBankAccount.java:148)&#13;
</system-err></testcase></testsuite>