<?xml version="1.0" encoding="UTF-8"?><testsuite errors="21" failures="1" name="org.icrc.fadapplic.IRIS.FAD.AccountsPayable.VoucherEntries" skipped="0" tests="35" time="3711.74" timestamp="2024-01-23 06:04:42"><testcase classname="org.icrc.fadapplic.IRIS.FAD.AccountsPayable.VoucherEntries" name="Release retention full"><failure type="java.lang.AssertionError"/><system-err>null&#13;
steps.IRIS.FAD.ReleaseRetentionSteps.then_Release_Retention_search_result_should_show_up(ReleaseRetentionSteps.java:43)&#13;
org.icrc.fadapplic.IRIS.FAD.AccountsPayable.VoucherEntries.releaseRetentionFull(VoucherEntries.java:1728)&#13;
</system-err></testcase><testcase classname="org.icrc.fadapplic.IRIS.FAD.AccountsPayable.VoucherEntries" name="Voucher entry without tax rate"><error message="no such element: Unable to locate element: {&quot;method&quot;:&quot;xpath&quot;,&quot;selector&quot;:&quot; //div//table[contains(@class,'table')]//tbody//tr[contains(@class, 'table')][1]//td[0]//div[@class='form-item']&quot;}&#10;  (Session info: headless chrome=120.0.6099.225)&#10;For documentation on this error, please visit: https://www.seleniumhq.org/exceptions/no_such_element.html&#10;Build info: version: '3.141.59', revision: 'e82be7d358', time: '2018-11-14T08:17:03'&#10;System info: host: 'PCS15848', ip: '10.148.119.72', os.name: 'Windows 10', os.arch: 'amd64', os.version: '10.0', java.version: '1.8.0_392'&#10;Driver info: org.openqa.selenium.chrome.ChromeDriver&#10;Capabilities {acceptInsecureCerts: false, browserName: chrome, browserVersion: 120.0.6099.225, chrome: {chromedriverVersion: 119.0.6045.105 (38c72552c5e..., userDataDir: C:\Users\A734509\AppData\Lo...}, fedcm:accounts: true, goog:chromeOptions: {debuggerAddress: localhost:57878}, javascriptEnabled: true, networkConnectionEnabled: false, pageLoadStrategy: normal, platform: WINDOWS, platformName: WINDOWS, proxy: Proxy(), setWindowRect: true, strictFileInteractability: false, timeouts: {implicit: 0, pageLoad: 300000, script: 30000}, unhandledPromptBehavior: dismiss and notify, webauthn:extension:credBlob: true, webauthn:extension:largeBlob: true, webauthn:extension:minPinLength: true, webauthn:extension:prf: true, webauthn:virtualAuthenticators: true}&#10;Session ID: 68ed3337123b4fe68019947c2ce950b1&#10;*** Element info: {Using=xpath, value= //div//table[contains(@class,'table')]//tbody//tr[contains(@class, 'table')][1]//td[0]//div[@class='form-item']}" type="org.openqa.selenium.NoSuchElementException">no such element: Unable to locate element: {"method":"xpath","selector":" //div//table[contains(@class,'table')]//tbody//tr[contains(@class, 'table')][1]//td[0]//div[@class='form-item']"}
  (Session info: headless chrome=120.0.6099.225)
For documentation on this error, please visit: https://www.seleniumhq.org/exceptions/no_such_element.html
Build info: version: '3.141.59', revision: 'e82be7d358', time: '2018-11-14T08:17:03'
System info: host: 'PCS15848', ip: '10.148.119.72', os.name: 'Windows 10', os.arch: 'amd64', os.version: '10.0', java.version: '1.8.0_392'
Driver info: org.openqa.selenium.chrome.ChromeDriver
Capabilities {acceptInsecureCerts: false, browserName: chrome, browserVersion: 120.0.6099.225, chrome: {chromedriverVersion: 119.0.6045.105 (38c72552c5e..., userDataDir: C:\Users\A734509\AppData\Lo...}, fedcm:accounts: true, goog:chromeOptions: {debuggerAddress: localhost:57878}, javascriptEnabled: true, networkConnectionEnabled: false, pageLoadStrategy: normal, platform: WINDOWS, platformName: WINDOWS, proxy: Proxy(), setWindowRect: true, strictFileInteractability: false, timeouts: {implicit: 0, pageLoad: 300000, script: 30000}, unhandledPromptBehavior: dismiss and notify, webauthn:extension:credBlob: true, webauthn:extension:largeBlob: true, webauthn:extension:minPinLength: true, webauthn:extension:prf: true, webauthn:virtualAuthenticators: true}
Session ID: 68ed3337123b4fe68019947c2ce950b1
*** Element info: {Using=xpath, value= //div//table[contains(@class,'table')]//tbody//tr[contains(@class, 'table')][1]//td[0]//div[@class='form-item']}</error><system-err>no such element: Unable to locate element: {"method":"xpath","selector":" //div//table[contains(@class,'table')]//tbody//tr[contains(@class, 'table')][1]//td[0]//div[@class='form-item']"}
  (Session info: headless chrome=120.0.6099.225)
For documentation on this error, please visit: https://www.seleniumhq.org/exceptions/no_such_element.html
Build info: version: '3.141.59', revision: 'e82be7d358', time: '2018-11-14T08:17:03'
System info: host: 'PCS15848', ip: '10.148.119.72', os.name: 'Windows 10', os.arch: 'amd64', os.version: '10.0', java.version: '1.8.0_392'
Driver info: org.openqa.selenium.chrome.ChromeDriver
Capabilities {acceptInsecureCerts: false, browserName: chrome, browserVersion: 120.0.6099.225, chrome: {chromedriverVersion: 119.0.6045.105 (38c72552c5e..., userDataDir: C:\Users\A734509\AppData\Lo...}, fedcm:accounts: true, goog:chromeOptions: {debuggerAddress: localhost:57878}, javascriptEnabled: true, networkConnectionEnabled: false, pageLoadStrategy: normal, platform: WINDOWS, platformName: WINDOWS, proxy: Proxy(), setWindowRect: true, strictFileInteractability: false, timeouts: {implicit: 0, pageLoad: 300000, script: 30000}, unhandledPromptBehavior: dismiss and notify, webauthn:extension:credBlob: true, webauthn:extension:largeBlob: true, webauthn:extension:minPinLength: true, webauthn:extension:prf: true, webauthn:virtualAuthenticators: true}
Session ID: 68ed3337123b4fe68019947c2ce950b1
*** Element info: {Using=xpath, value= //div//table[contains(@class,'table')]//tbody//tr[contains(@class, 'table')][1]//td[0]//div[@class='form-item']}&#13;
pageobjects.IRIS.FAD.FADGenericPage.multipleTypeIntoInputPerCharacter(FADGenericPage.java:228)&#13;
pageobjects.IRIS.FAD.FADGenericPage.multipleTypeIntoInputPerCharacter(FADGenericPage.java:223)&#13;
pageobjects.IRIS.FAD.FADGenericPage.setTextFieldValueFromTable(FADGenericPage.java:333)&#13;
pageobjects.IRIS.FAD.VoucherEntryPage.setGrossAmount(VoucherEntryPage.java:32)&#13;
steps.IRIS.FAD.VoucherEntrySteps.when_I_set_Gross_Amount_from_table(VoucherEntrySteps.java:92)&#13;
org.icrc.fadapplic.IRIS.FAD.AccountsPayable.VoucherEntries.voucherEntryWithoutTaxRate(VoucherEntries.java:1293)&#13;
</system-err></testcase><testcase classname="org.icrc.fadapplic.IRIS.FAD.AccountsPayable.VoucherEntries" name="Voucher match with positive for adding a line"><error message="Index: 0, Size: 0" type="java.lang.IndexOutOfBoundsException">Index: 0, Size: 0</error><system-err>Index: 0, Size: 0&#13;
pageobjects.IRIS.FAD.VoucherMatchPage.clickSeeMoreDetails(VoucherMatchPage.java:72)&#13;
steps.IRIS.FAD.VoucherMatchSteps.when_I_click_See_More_Details_button(VoucherMatchSteps.java:70)&#13;
org.icrc.fadapplic.IRIS.FAD.AccountsPayable.VoucherEntries.voucherMatchWithPositiveForAddingALine(VoucherEntries.java:2071)&#13;
</system-err></testcase><testcase classname="org.icrc.fadapplic.IRIS.FAD.AccountsPayable.VoucherEntries" name="Voucher entry with single multiple lines"/><testcase classname="org.icrc.fadapplic.IRIS.FAD.AccountsPayable.VoucherEntries" name="Checking line reference place holder"/><testcase classname="org.icrc.fadapplic.IRIS.FAD.AccountsPayable.VoucherEntries" name="Search and post PV"><error message="Index: 0, Size: 0" type="java.lang.IndexOutOfBoundsException">Index: 0, Size: 0</error><system-err>Index: 0, Size: 0&#13;
pageobjects.IRIS.FAD.VoucherMatchPage.clickSeeMoreDetails(VoucherMatchPage.java:72)&#13;
steps.IRIS.FAD.VoucherMatchSteps.when_I_click_See_More_Details_button(VoucherMatchSteps.java:70)&#13;
org.icrc.fadapplic.IRIS.FAD.AccountsPayable.VoucherEntries.searchAndPostPV(VoucherEntries.java:293)&#13;
</system-err></testcase><testcase classname="org.icrc.fadapplic.IRIS.FAD.AccountsPayable.VoucherEntries" name="Voucher entry delete a line"/><testcase classname="org.icrc.fadapplic.IRIS.FAD.AccountsPayable.VoucherEntries" name="Voucher match with tax"><error message="Index: 0, Size: 0" type="java.lang.IndexOutOfBoundsException">Index: 0, Size: 0</error><system-err>Index: 0, Size: 0&#13;
pageobjects.IRIS.FAD.VoucherMatchPage.clickSeeMoreDetails(VoucherMatchPage.java:72)&#13;
steps.IRIS.FAD.VoucherMatchSteps.when_I_click_See_More_Details_button(VoucherMatchSteps.java:70)&#13;
org.icrc.fadapplic.IRIS.FAD.AccountsPayable.VoucherEntries.voucherMatchWithTax(VoucherEntries.java:2163)&#13;
</system-err></testcase><testcase classname="org.icrc.fadapplic.IRIS.FAD.AccountsPayable.VoucherEntries" name="Partial voucher match"><error message="Index: 0, Size: 0" type="java.lang.IndexOutOfBoundsException">Index: 0, Size: 0</error><system-err>Index: 0, Size: 0&#13;
pageobjects.IRIS.FAD.VoucherMatchPage.clickSeeMoreDetails(VoucherMatchPage.java:72)&#13;
steps.IRIS.FAD.VoucherMatchSteps.when_I_click_See_More_Details_button(VoucherMatchSteps.java:70)&#13;
org.icrc.fadapplic.IRIS.FAD.AccountsPayable.VoucherEntries.partialVoucherMatch(VoucherEntries.java:2497)&#13;
</system-err></testcase><testcase classname="org.icrc.fadapplic.IRIS.FAD.AccountsPayable.VoucherEntries" name="Voucher match with retention"><error message="Index: 0, Size: 0" type="java.lang.IndexOutOfBoundsException">Index: 0, Size: 0</error><system-err>Index: 0, Size: 0&#13;
pageobjects.IRIS.FAD.VoucherMatchPage.clickSeeMoreDetails(VoucherMatchPage.java:72)&#13;
steps.IRIS.FAD.VoucherMatchSteps.when_I_click_See_More_Details_button(VoucherMatchSteps.java:70)&#13;
org.icrc.fadapplic.IRIS.FAD.AccountsPayable.VoucherEntries.voucherMatchWithRetention(VoucherEntries.java:2325)&#13;
</system-err></testcase><testcase classname="org.icrc.fadapplic.IRIS.FAD.AccountsPayable.VoucherEntries" name="Voucher entry import CSV file"><error message="Expected condition failed: waiting for visibility of element located by By.xpath: //div[contains(@class, 'modal') and contains(@style, 'left: 0px')]//h3 (tried for 20 second(s) with 100 milliseconds interval)" type="org.openqa.selenium.TimeoutException">Expected condition failed: waiting for visibility of element located by By.xpath: //div[contains(@class, 'modal') and contains(@style, 'left: 0px')]//h3 (tried for 20 second(s) with 100 milliseconds interval)</error><system-err>Expected condition failed: waiting for visibility of element located by By.xpath: //div[contains(@class, 'modal') and contains(@style, 'left: 0px')]//h3 (tried for 20 second(s) with 100 milliseconds interval)&#13;
utils.ExplicitWait.explicitlyWaitForVisibilityOfElement(ExplicitWait.java:30)&#13;
pageobjects.IRIS.FAD.FADModalPage.getModalTitle(FADModalPage.java:21)&#13;
steps.IRIS.FAD.VoucherEntrySteps.then_the_Voucher_Entry_Successfully_Created_modal_should_show_up(VoucherEntrySteps.java:206)&#13;
steps.IRIS.FAD.VoucherEntrySteps.then_the_Voucher_Entry_Successfully_Created_modal_and_its_contents_should_show_up(VoucherEntrySteps.java:188)&#13;
org.icrc.fadapplic.IRIS.FAD.AccountsPayable.VoucherEntries.voucherEntryImportCSVFile(VoucherEntries.java:963)&#13;
</system-err></testcase><testcase classname="org.icrc.fadapplic.IRIS.FAD.AccountsPayable.VoucherEntries" name="Voucher match with negative for adding a line"><error message="Index: 0, Size: 0" type="java.lang.IndexOutOfBoundsException">Index: 0, Size: 0</error><system-err>Index: 0, Size: 0&#13;
pageobjects.IRIS.FAD.VoucherMatchPage.clickSeeMoreDetails(VoucherMatchPage.java:72)&#13;
steps.IRIS.FAD.VoucherMatchSteps.when_I_click_See_More_Details_button(VoucherMatchSteps.java:70)&#13;
org.icrc.fadapplic.IRIS.FAD.AccountsPayable.VoucherEntries.voucherMatchWithNegativeForAddingALine(VoucherEntries.java:1963)&#13;
</system-err></testcase><testcase classname="org.icrc.fadapplic.IRIS.FAD.AccountsPayable.VoucherEntries" name="Partial voucher match with tax rate"><error message="Index: 0, Size: 0" type="java.lang.IndexOutOfBoundsException">Index: 0, Size: 0</error><system-err>Index: 0, Size: 0&#13;
pageobjects.IRIS.FAD.VoucherMatchPage.clickSeeMoreDetails(VoucherMatchPage.java:72)&#13;
steps.IRIS.FAD.VoucherMatchSteps.when_I_click_See_More_Details_button(VoucherMatchSteps.java:70)&#13;
org.icrc.fadapplic.IRIS.FAD.AccountsPayable.VoucherEntries.partialVoucherMatchWithTaxRate(VoucherEntries.java:2821)&#13;
</system-err></testcase><testcase classname="org.icrc.fadapplic.IRIS.FAD.AccountsPayable.VoucherEntries" name="Voucher entry multi docs"/><testcase classname="org.icrc.fadapplic.IRIS.FAD.AccountsPayable.VoucherEntries" name="Partial voucher match with negative additional lines"><error message="Index: 0, Size: 0" type="java.lang.IndexOutOfBoundsException">Index: 0, Size: 0</error><system-err>Index: 0, Size: 0&#13;
pageobjects.IRIS.FAD.VoucherMatchPage.clickSeeMoreDetails(VoucherMatchPage.java:72)&#13;
steps.IRIS.FAD.VoucherMatchSteps.when_I_click_See_More_Details_button(VoucherMatchSteps.java:70)&#13;
org.icrc.fadapplic.IRIS.FAD.AccountsPayable.VoucherEntries.partialVoucherMatchWithNegativeAdditionalLines(VoucherEntries.java:2605)&#13;
</system-err></testcase><testcase classname="org.icrc.fadapplic.IRIS.FAD.AccountsPayable.VoucherEntries" name="Simple prepayment"/><testcase classname="org.icrc.fadapplic.IRIS.FAD.AccountsPayable.VoucherEntries" name="Voucher entry proceed to payment"/><testcase classname="org.icrc.fadapplic.IRIS.FAD.AccountsPayable.VoucherEntries" name="Multiple lines with same PO and different item code"><error message="Index: 0, Size: 0" type="java.lang.IndexOutOfBoundsException">Index: 0, Size: 0</error><system-err>Index: 0, Size: 0&#13;
pageobjects.IRIS.FAD.VoucherMatchPage.clickSeeMoreDetails(VoucherMatchPage.java:72)&#13;
steps.IRIS.FAD.VoucherMatchSteps.when_I_click_See_More_Details_button(VoucherMatchSteps.java:70)&#13;
org.icrc.fadapplic.IRIS.FAD.AccountsPayable.VoucherEntries.multipleLinesWithSamePOAndDifferentItemCode(VoucherEntries.java:3068)&#13;
</system-err></testcase><testcase classname="org.icrc.fadapplic.IRIS.FAD.AccountsPayable.VoucherEntries" name="Partial voucher match with retention"><error message="Index: 0, Size: 0" type="java.lang.IndexOutOfBoundsException">Index: 0, Size: 0</error><system-err>Index: 0, Size: 0&#13;
pageobjects.IRIS.FAD.VoucherMatchPage.clickSeeMoreDetails(VoucherMatchPage.java:72)&#13;
steps.IRIS.FAD.VoucherMatchSteps.when_I_click_See_More_Details_button(VoucherMatchSteps.java:70)&#13;
org.icrc.fadapplic.IRIS.FAD.AccountsPayable.VoucherEntries.partialVoucherMatchWithRetention(VoucherEntries.java:106)&#13;
</system-err></testcase><testcase classname="org.icrc.fadapplic.IRIS.FAD.AccountsPayable.VoucherEntries" name="Multiple lines with different PO and different item code"><error message="Index: 0, Size: 0" type="java.lang.IndexOutOfBoundsException">Index: 0, Size: 0</error><system-err>Index: 0, Size: 0&#13;
pageobjects.IRIS.FAD.VoucherMatchPage.clickSeeMoreDetails(VoucherMatchPage.java:72)&#13;
steps.IRIS.FAD.VoucherMatchSteps.when_I_click_See_More_Details_button(VoucherMatchSteps.java:70)&#13;
org.icrc.fadapplic.IRIS.FAD.AccountsPayable.VoucherEntries.multipleLinesWithDifferentPOAndDifferentItemCode(VoucherEntries.java:2910)&#13;
</system-err></testcase><testcase classname="org.icrc.fadapplic.IRIS.FAD.AccountsPayable.VoucherEntries" name="Create voucher entry using sustainability accounts"/><testcase classname="org.icrc.fadapplic.IRIS.FAD.AccountsPayable.VoucherEntries" name="Multiple lines with same PO and same item code"><error message="Index: 0, Size: 0" type="java.lang.IndexOutOfBoundsException">Index: 0, Size: 0</error><system-err>Index: 0, Size: 0&#13;
pageobjects.IRIS.FAD.VoucherMatchPage.clickSeeMoreDetails(VoucherMatchPage.java:72)&#13;
steps.IRIS.FAD.VoucherMatchSteps.when_I_click_See_More_Details_button(VoucherMatchSteps.java:70)&#13;
org.icrc.fadapplic.IRIS.FAD.AccountsPayable.VoucherEntries.multipleLinesWithSamePOAndSameItemCode(VoucherEntries.java:3147)&#13;
</system-err></testcase><testcase classname="org.icrc.fadapplic.IRIS.FAD.AccountsPayable.VoucherEntries" name="Voucher match with retention and tax"><error message="Index: 0, Size: 0" type="java.lang.IndexOutOfBoundsException">Index: 0, Size: 0</error><system-err>Index: 0, Size: 0&#13;
pageobjects.IRIS.FAD.VoucherMatchPage.clickSeeMoreDetails(VoucherMatchPage.java:72)&#13;
steps.IRIS.FAD.VoucherMatchSteps.when_I_click_See_More_Details_button(VoucherMatchSteps.java:70)&#13;
org.icrc.fadapplic.IRIS.FAD.AccountsPayable.VoucherEntries.voucherMatchWithRetentionAndTax(VoucherEntries.java:2410)&#13;
</system-err></testcase><testcase classname="org.icrc.fadapplic.IRIS.FAD.AccountsPayable.VoucherEntries" name="Multiple lines with different PO and same item code"><error message="Index: 0, Size: 0" type="java.lang.IndexOutOfBoundsException">Index: 0, Size: 0</error><system-err>Index: 0, Size: 0&#13;
pageobjects.IRIS.FAD.VoucherMatchPage.clickSeeMoreDetails(VoucherMatchPage.java:72)&#13;
steps.IRIS.FAD.VoucherMatchSteps.when_I_click_See_More_Details_button(VoucherMatchSteps.java:70)&#13;
org.icrc.fadapplic.IRIS.FAD.AccountsPayable.VoucherEntries.multipleLinesWithDifferentPOAndSameItemCode(VoucherEntries.java:2989)&#13;
</system-err></testcase><testcase classname="org.icrc.fadapplic.IRIS.FAD.AccountsPayable.VoucherEntries" name="Simple voucher match"><error message="Index: 0, Size: 0" type="java.lang.IndexOutOfBoundsException">Index: 0, Size: 0</error><system-err>Index: 0, Size: 0&#13;
pageobjects.IRIS.FAD.VoucherMatchPage.clickSeeMoreDetails(VoucherMatchPage.java:72)&#13;
steps.IRIS.FAD.VoucherMatchSteps.when_I_click_See_More_Details_button(VoucherMatchSteps.java:70)&#13;
org.icrc.fadapplic.IRIS.FAD.AccountsPayable.VoucherEntries.simpleVoucherMatch(VoucherEntries.java:1868)&#13;
</system-err></testcase><testcase classname="org.icrc.fadapplic.IRIS.FAD.AccountsPayable.VoucherEntries" name="Release retention partial"/><testcase classname="org.icrc.fadapplic.IRIS.FAD.AccountsPayable.VoucherEntries" name="Partial matching with rounded tax amount"><error message="Index: 0, Size: 0" type="java.lang.IndexOutOfBoundsException">Index: 0, Size: 0</error><system-err>Index: 0, Size: 0&#13;
pageobjects.IRIS.FAD.VoucherMatchPage.clickSeeMoreDetails(VoucherMatchPage.java:72)&#13;
steps.IRIS.FAD.VoucherMatchSteps.when_I_click_See_More_Details_button(VoucherMatchSteps.java:70)&#13;
org.icrc.fadapplic.IRIS.FAD.AccountsPayable.VoucherEntries.partialMatchingWithRoundedTaxAmount(VoucherEntries.java:201)&#13;
</system-err></testcase><testcase classname="org.icrc.fadapplic.IRIS.FAD.AccountsPayable.VoucherEntries" name="Voucher entry with tax rate rounded"/><testcase classname="org.icrc.fadapplic.IRIS.FAD.AccountsPayable.VoucherEntries" name="Voucher matching"><error message="Index: 0, Size: 0" type="java.lang.IndexOutOfBoundsException">Index: 0, Size: 0</error><system-err>Index: 0, Size: 0&#13;
pageobjects.IRIS.FAD.VoucherMatchPage.clickSeeMoreDetails(VoucherMatchPage.java:72)&#13;
steps.IRIS.FAD.VoucherMatchSteps.when_I_click_See_More_Details_button(VoucherMatchSteps.java:70)&#13;
org.icrc.fadapplic.IRIS.FAD.AccountsPayable.VoucherEntries.voucherMatching(VoucherEntries.java:1504)&#13;
</system-err></testcase><testcase classname="org.icrc.fadapplic.IRIS.FAD.AccountsPayable.VoucherEntries" name="Voucher entry export CSV file"/><testcase classname="org.icrc.fadapplic.IRIS.FAD.AccountsPayable.VoucherEntries" name="Creating voucher entry"/><testcase classname="org.icrc.fadapplic.IRIS.FAD.AccountsPayable.VoucherEntries" name="Release retention adding a line"/><testcase classname="org.icrc.fadapplic.IRIS.FAD.AccountsPayable.VoucherEntries" name="Voucher match with rounded off tax"><error message="Index: 0, Size: 0" type="java.lang.IndexOutOfBoundsException">Index: 0, Size: 0</error><system-err>Index: 0, Size: 0&#13;
pageobjects.IRIS.FAD.VoucherMatchPage.clickSeeMoreDetails(VoucherMatchPage.java:72)&#13;
steps.IRIS.FAD.VoucherMatchSteps.when_I_click_See_More_Details_button(VoucherMatchSteps.java:70)&#13;
org.icrc.fadapplic.IRIS.FAD.AccountsPayable.VoucherEntries.voucherMatchWithRoundedOffTax(VoucherEntries.java:2244)&#13;
</system-err></testcase><testcase classname="org.icrc.fadapplic.IRIS.FAD.AccountsPayable.VoucherEntries" name="Voucher entry credit memo"/><testcase classname="org.icrc.fadapplic.IRIS.FAD.AccountsPayable.VoucherEntries" name="Partial voucher match with positive additional lines"><error message="Index: 0, Size: 0" type="java.lang.IndexOutOfBoundsException">Index: 0, Size: 0</error><system-err>Index: 0, Size: 0&#13;
pageobjects.IRIS.FAD.VoucherMatchPage.clickSeeMoreDetails(VoucherMatchPage.java:72)&#13;
steps.IRIS.FAD.VoucherMatchSteps.when_I_click_See_More_Details_button(VoucherMatchSteps.java:70)&#13;
org.icrc.fadapplic.IRIS.FAD.AccountsPayable.VoucherEntries.partialVoucherMatchWithPositiveAdditionalLines(VoucherEntries.java:2721)&#13;
</system-err></testcase></testsuite>