<?xml version="1.0" encoding="UTF-8"?><testsuite errors="0" failures="1" name="org.icrc.fadapplic.IRIS.FAD.GeneralLedger.BatchPosting" skipped="0" tests="2" time="307.14" timestamp="2024-01-23 05:49:30"><testcase classname="org.icrc.fadapplic.IRIS.FAD.GeneralLedger.BatchPosting" name="Batch posting voiding process"><failure type="java.lang.AssertionError"/><system-err>null&#13;
steps.IRIS.FAD.BatchPostingSteps.then_the_Document_Reversed_Successfully_notification_message_should_show_up(BatchPostingSteps.java:103)&#13;
org.icrc.fadapplic.IRIS.FAD.GeneralLedger.BatchPosting.batchPostingVoidingProcess(BatchPosting.java:166)&#13;
</system-err></testcase><testcase classname="org.icrc.fadapplic.IRIS.FAD.GeneralLedger.BatchPosting" name="Batch posting general ledger entry"/></testsuite>