<?xml version="1.0" encoding="UTF-8"?><testsuite errors="25" failures="3" name="org.icrc.fadapplic.IRIS.FAD.AccountsPayable.VoucherEntries" skipped="0" tests="35" time="3342.98" timestamp="2024-01-23 04:51:14"><testcase classname="org.icrc.fadapplic.IRIS.FAD.AccountsPayable.VoucherEntries" name="Release retention full"><failure type="java.lang.AssertionError"/><system-err>null&#13;
steps.IRIS.FAD.ReleaseRetentionSteps.then_Release_Retention_search_result_should_show_up(ReleaseRetentionSteps.java:43)&#13;
org.icrc.fadapplic.IRIS.FAD.AccountsPayable.VoucherEntries.releaseRetentionFull(VoucherEntries.java:1722)&#13;
</system-err></testcase><testcase classname="org.icrc.fadapplic.IRIS.FAD.AccountsPayable.VoucherEntries" name="Voucher entry without tax rate"><error message="Expected condition failed: waiting for visibility of element located by By.xpath: //div[contains(@class, 'modal') and contains(@style, 'left: 0px')]//h3 (tried for 20 second(s) with 100 milliseconds interval)" type="org.openqa.selenium.TimeoutException">Expected condition failed: waiting for visibility of element located by By.xpath: //div[contains(@class, 'modal') and contains(@style, 'left: 0px')]//h3 (tried for 20 second(s) with 100 milliseconds interval)</error><system-err>Expected condition failed: waiting for visibility of element located by By.xpath: //div[contains(@class, 'modal') and contains(@style, 'left: 0px')]//h3 (tried for 20 second(s) with 100 milliseconds interval)&#13;
utils.ExplicitWait.explicitlyWaitForVisibilityOfElement(ExplicitWait.java:30)&#13;
pageobjects.IRIS.FAD.FADModalPage.getModalTitle(FADModalPage.java:21)&#13;
steps.IRIS.FAD.VoucherEntrySteps.then_the_Voucher_Entry_Successfully_Created_modal_should_show_up(VoucherEntrySteps.java:206)&#13;
steps.IRIS.FAD.VoucherEntrySteps.then_the_Voucher_Entry_Successfully_Created_modal_and_its_contents_should_show_up(VoucherEntrySteps.java:188)&#13;
org.icrc.fadapplic.IRIS.FAD.AccountsPayable.VoucherEntries.voucherEntryWithoutTaxRate(VoucherEntries.java:1301)&#13;
</system-err></testcase><testcase classname="org.icrc.fadapplic.IRIS.FAD.AccountsPayable.VoucherEntries" name="Voucher match with positive for adding a line"><error message="Index: 0, Size: 0" type="java.lang.IndexOutOfBoundsException">Index: 0, Size: 0</error><system-err>Index: 0, Size: 0&#13;
pageobjects.IRIS.FAD.VoucherMatchPage.clickSeeMoreDetails(VoucherMatchPage.java:71)&#13;
steps.IRIS.FAD.VoucherMatchSteps.when_I_click_See_More_Details_button(VoucherMatchSteps.java:70)&#13;
org.icrc.fadapplic.IRIS.FAD.AccountsPayable.VoucherEntries.voucherMatchWithPositiveForAddingALine(VoucherEntries.java:2065)&#13;
</system-err></testcase><testcase classname="org.icrc.fadapplic.IRIS.FAD.AccountsPayable.VoucherEntries" name="Voucher entry with single multiple lines"><failure message="expected:&lt;[G/L Distribution]&gt; but was:&lt;[Payment Amount]&gt;" type="org.junit.ComparisonFailure">expected:&lt;[G/L Distribution]&gt; but was:&lt;[Payment Amount]&gt;</failure><system-err>expected:&lt;[G/L Distribution]&gt; but was:&lt;[Payment Amount]&gt;&#13;
steps.IRIS.FAD.VoucherEntrySteps.then_the_GL_Distribution_form_and_its_contents_should_show_up(VoucherEntrySteps.java:115)&#13;
org.icrc.fadapplic.IRIS.FAD.AccountsPayable.VoucherEntries.voucherEntryWithSingleMultipleLines(VoucherEntries.java:1370)&#13;
</system-err></testcase><testcase classname="org.icrc.fadapplic.IRIS.FAD.AccountsPayable.VoucherEntries" name="Checking line reference place holder"/><testcase classname="org.icrc.fadapplic.IRIS.FAD.AccountsPayable.VoucherEntries" name="Search and post PV"><error message="Index: 0, Size: 0" type="java.lang.IndexOutOfBoundsException">Index: 0, Size: 0</error><system-err>Index: 0, Size: 0&#13;
pageobjects.IRIS.FAD.VoucherMatchPage.clickSeeMoreDetails(VoucherMatchPage.java:71)&#13;
steps.IRIS.FAD.VoucherMatchSteps.when_I_click_See_More_Details_button(VoucherMatchSteps.java:70)&#13;
org.icrc.fadapplic.IRIS.FAD.AccountsPayable.VoucherEntries.searchAndPostPV(VoucherEntries.java:287)&#13;
</system-err></testcase><testcase classname="org.icrc.fadapplic.IRIS.FAD.AccountsPayable.VoucherEntries" name="Voucher entry delete a line"><error message="Expected condition failed: waiting for visibility of all elements located by By.xpath:  .//div[contains(@class, 'form-item')][span[text()='Supplier']]//div[contains(@class, 'Select-option')] | .//div[contains(@class, 'form-item')][span[contains(text(), 'Supplier')]]//div[contains(@class, 'Select-option')] (tried for 120 second(s) with 100 milliseconds interval)&#10;Build info: version: '3.141.59', revision: 'e82be7d358', time: '2018-11-14T08:17:03'&#10;System info: host: 'PCS15848', ip: '10.148.119.72', os.name: 'Windows 10', os.arch: 'amd64', os.version: '10.0', java.version: '1.8.0_392'&#10;Driver info: net.thucydides.core.webdriver.WebDriverFacade" type="org.openqa.selenium.TimeoutException">Expected condition failed: waiting for visibility of all elements located by By.xpath:  .//div[contains(@class, 'form-item')][span[text()='Supplier']]//div[contains(@class, 'Select-option')] | .//div[contains(@class, 'form-item')][span[contains(text(), 'Supplier')]]//div[contains(@class, 'Select-option')] (tried for 120 second(s) with 100 milliseconds interval)
Build info: version: '3.141.59', revision: 'e82be7d358', time: '2018-11-14T08:17:03'
System info: host: 'PCS15848', ip: '10.148.119.72', os.name: 'Windows 10', os.arch: 'amd64', os.version: '10.0', java.version: '1.8.0_392'
Driver info: net.thucydides.core.webdriver.WebDriverFacade</error><system-err>Expected condition failed: waiting for visibility of all elements located by By.xpath:  .//div[contains(@class, 'form-item')][span[text()='Supplier']]//div[contains(@class, 'Select-option')] | .//div[contains(@class, 'form-item')][span[contains(text(), 'Supplier')]]//div[contains(@class, 'Select-option')] (tried for 120 second(s) with 100 milliseconds interval)
Build info: version: '3.141.59', revision: 'e82be7d358', time: '2018-11-14T08:17:03'
System info: host: 'PCS15848', ip: '10.148.119.72', os.name: 'Windows 10', os.arch: 'amd64', os.version: '10.0', java.version: '1.8.0_392'
Driver info: net.thucydides.core.webdriver.WebDriverFacade&#13;
utils.ExplicitWait.explicitlyWaitForVisibilityOfAllElements(ExplicitWait.java:94)&#13;
pageobjects.IRIS.FAD.FADGenericPage.selectDropdownOption(FADGenericPage.java:80)&#13;
pageobjects.IRIS.FAD.FADGenericPage.selectDropdownOption(FADGenericPage.java:116)&#13;
pageobjects.IRIS.FAD.FADGenericPage.typeAndSelectLabeledDropdownOption(FADGenericPage.java:200)&#13;
pageobjects.IRIS.FAD.VoucherEntryPage.setSupplier(VoucherEntryPage.java:15)&#13;
steps.IRIS.FAD.VoucherEntrySteps.when_I_select_the_supplier(VoucherEntrySteps.java:38)&#13;
org.icrc.fadapplic.IRIS.FAD.AccountsPayable.VoucherEntries.voucherEntryDeleteALine(VoucherEntries.java:674)&#13;
</system-err></testcase><testcase classname="org.icrc.fadapplic.IRIS.FAD.AccountsPayable.VoucherEntries" name="Voucher match with tax"><error message="Index: 0, Size: 0" type="java.lang.IndexOutOfBoundsException">Index: 0, Size: 0</error><system-err>Index: 0, Size: 0&#13;
pageobjects.IRIS.FAD.VoucherMatchPage.clickSeeMoreDetails(VoucherMatchPage.java:71)&#13;
steps.IRIS.FAD.VoucherMatchSteps.when_I_click_See_More_Details_button(VoucherMatchSteps.java:70)&#13;
org.icrc.fadapplic.IRIS.FAD.AccountsPayable.VoucherEntries.voucherMatchWithTax(VoucherEntries.java:2157)&#13;
</system-err></testcase><testcase classname="org.icrc.fadapplic.IRIS.FAD.AccountsPayable.VoucherEntries" name="Partial voucher match"><error message="Index: 0, Size: 0" type="java.lang.IndexOutOfBoundsException">Index: 0, Size: 0</error><system-err>Index: 0, Size: 0&#13;
pageobjects.IRIS.FAD.VoucherMatchPage.clickSeeMoreDetails(VoucherMatchPage.java:71)&#13;
steps.IRIS.FAD.VoucherMatchSteps.when_I_click_See_More_Details_button(VoucherMatchSteps.java:70)&#13;
org.icrc.fadapplic.IRIS.FAD.AccountsPayable.VoucherEntries.partialVoucherMatch(VoucherEntries.java:2491)&#13;
</system-err></testcase><testcase classname="org.icrc.fadapplic.IRIS.FAD.AccountsPayable.VoucherEntries" name="Voucher match with retention"><error message="Index: 0, Size: 0" type="java.lang.IndexOutOfBoundsException">Index: 0, Size: 0</error><system-err>Index: 0, Size: 0&#13;
pageobjects.IRIS.FAD.VoucherMatchPage.clickSeeMoreDetails(VoucherMatchPage.java:71)&#13;
steps.IRIS.FAD.VoucherMatchSteps.when_I_click_See_More_Details_button(VoucherMatchSteps.java:70)&#13;
org.icrc.fadapplic.IRIS.FAD.AccountsPayable.VoucherEntries.voucherMatchWithRetention(VoucherEntries.java:2319)&#13;
</system-err></testcase><testcase classname="org.icrc.fadapplic.IRIS.FAD.AccountsPayable.VoucherEntries" name="Voucher entry import CSV file"><error message="Expected condition failed: waiting for number of elements found by By.xpath:  .//div[contains(@class, 'form-item')][span[text()='Supplier']]//div[contains(@class, 'Select-option')] | .//div[contains(@class, 'form-item')][span[contains(text(), 'Supplier')]]//div[contains(@class, 'Select-option')] to be more than &quot;0&quot;. Current number: &quot;0&quot; (tried for 60 second(s) with 100 milliseconds interval)&#10;Build info: version: '3.141.59', revision: 'e82be7d358', time: '2018-11-14T08:17:03'&#10;System info: host: 'PCS15848', ip: '10.148.119.72', os.name: 'Windows 10', os.arch: 'amd64', os.version: '10.0', java.version: '1.8.0_392'&#10;Driver info: net.thucydides.core.webdriver.WebDriverFacade" type="org.openqa.selenium.TimeoutException">Expected condition failed: waiting for number of elements found by By.xpath:  .//div[contains(@class, 'form-item')][span[text()='Supplier']]//div[contains(@class, 'Select-option')] | .//div[contains(@class, 'form-item')][span[contains(text(), 'Supplier')]]//div[contains(@class, 'Select-option')] to be more than "0". Current number: "0" (tried for 60 second(s) with 100 milliseconds interval)
Build info: version: '3.141.59', revision: 'e82be7d358', time: '2018-11-14T08:17:03'
System info: host: 'PCS15848', ip: '10.148.119.72', os.name: 'Windows 10', os.arch: 'amd64', os.version: '10.0', java.version: '1.8.0_392'
Driver info: net.thucydides.core.webdriver.WebDriverFacade</error><system-err>Expected condition failed: waiting for number of elements found by By.xpath:  .//div[contains(@class, 'form-item')][span[text()='Supplier']]//div[contains(@class, 'Select-option')] | .//div[contains(@class, 'form-item')][span[contains(text(), 'Supplier')]]//div[contains(@class, 'Select-option')] to be more than "0". Current number: "0" (tried for 60 second(s) with 100 milliseconds interval)
Build info: version: '3.141.59', revision: 'e82be7d358', time: '2018-11-14T08:17:03'
System info: host: 'PCS15848', ip: '10.148.119.72', os.name: 'Windows 10', os.arch: 'amd64', os.version: '10.0', java.version: '1.8.0_392'
Driver info: net.thucydides.core.webdriver.WebDriverFacade&#13;
utils.ExplicitWait.explicitlyWaitForNumberOfElementsToBeMoreThan(ExplicitWait.java:54)&#13;
pageobjects.IRIS.FAD.FADGenericPage.selectDropdownOption(FADGenericPage.java:83)&#13;
pageobjects.IRIS.FAD.FADGenericPage.selectDropdownOption(FADGenericPage.java:116)&#13;
pageobjects.IRIS.FAD.FADGenericPage.typeAndSelectLabeledDropdownOption(FADGenericPage.java:200)&#13;
pageobjects.IRIS.FAD.VoucherEntryPage.setSupplier(VoucherEntryPage.java:15)&#13;
steps.IRIS.FAD.VoucherEntrySteps.when_I_select_the_supplier(VoucherEntrySteps.java:38)&#13;
org.icrc.fadapplic.IRIS.FAD.AccountsPayable.VoucherEntries.voucherEntryImportCSVFile(VoucherEntries.java:935)&#13;
</system-err></testcase><testcase classname="org.icrc.fadapplic.IRIS.FAD.AccountsPayable.VoucherEntries" name="Voucher match with negative for adding a line"><error message="Index: 0, Size: 0" type="java.lang.IndexOutOfBoundsException">Index: 0, Size: 0</error><system-err>Index: 0, Size: 0&#13;
pageobjects.IRIS.FAD.VoucherMatchPage.clickSeeMoreDetails(VoucherMatchPage.java:71)&#13;
steps.IRIS.FAD.VoucherMatchSteps.when_I_click_See_More_Details_button(VoucherMatchSteps.java:70)&#13;
org.icrc.fadapplic.IRIS.FAD.AccountsPayable.VoucherEntries.voucherMatchWithNegativeForAddingALine(VoucherEntries.java:1957)&#13;
</system-err></testcase><testcase classname="org.icrc.fadapplic.IRIS.FAD.AccountsPayable.VoucherEntries" name="Partial voucher match with tax rate"><error message="Index: 0, Size: 0" type="java.lang.IndexOutOfBoundsException">Index: 0, Size: 0</error><system-err>Index: 0, Size: 0&#13;
pageobjects.IRIS.FAD.VoucherMatchPage.clickSeeMoreDetails(VoucherMatchPage.java:71)&#13;
steps.IRIS.FAD.VoucherMatchSteps.when_I_click_See_More_Details_button(VoucherMatchSteps.java:70)&#13;
org.icrc.fadapplic.IRIS.FAD.AccountsPayable.VoucherEntries.partialVoucherMatchWithTaxRate(VoucherEntries.java:2815)&#13;
</system-err></testcase><testcase classname="org.icrc.fadapplic.IRIS.FAD.AccountsPayable.VoucherEntries" name="Voucher entry multi docs"/><testcase classname="org.icrc.fadapplic.IRIS.FAD.AccountsPayable.VoucherEntries" name="Partial voucher match with negative additional lines"><error message="Index: 0, Size: 0" type="java.lang.IndexOutOfBoundsException">Index: 0, Size: 0</error><system-err>Index: 0, Size: 0&#13;
pageobjects.IRIS.FAD.VoucherMatchPage.clickSeeMoreDetails(VoucherMatchPage.java:71)&#13;
steps.IRIS.FAD.VoucherMatchSteps.when_I_click_See_More_Details_button(VoucherMatchSteps.java:70)&#13;
org.icrc.fadapplic.IRIS.FAD.AccountsPayable.VoucherEntries.partialVoucherMatchWithNegativeAdditionalLines(VoucherEntries.java:2599)&#13;
</system-err></testcase><testcase classname="org.icrc.fadapplic.IRIS.FAD.AccountsPayable.VoucherEntries" name="Simple prepayment"/><testcase classname="org.icrc.fadapplic.IRIS.FAD.AccountsPayable.VoucherEntries" name="Voucher entry proceed to payment"><error message="Expected condition failed: waiting for visibility of all elements located by By.xpath:  .//div[contains(@class, 'form-item')][span[text()='Supplier']]//div[contains(@class, 'Select-option')] | .//div[contains(@class, 'form-item')][span[contains(text(), 'Supplier')]]//div[contains(@class, 'Select-option')] (tried for 120 second(s) with 100 milliseconds interval)&#10;Build info: version: '3.141.59', revision: 'e82be7d358', time: '2018-11-14T08:17:03'&#10;System info: host: 'PCS15848', ip: '10.148.119.72', os.name: 'Windows 10', os.arch: 'amd64', os.version: '10.0', java.version: '1.8.0_392'&#10;Driver info: net.thucydides.core.webdriver.WebDriverFacade" type="org.openqa.selenium.TimeoutException">Expected condition failed: waiting for visibility of all elements located by By.xpath:  .//div[contains(@class, 'form-item')][span[text()='Supplier']]//div[contains(@class, 'Select-option')] | .//div[contains(@class, 'form-item')][span[contains(text(), 'Supplier')]]//div[contains(@class, 'Select-option')] (tried for 120 second(s) with 100 milliseconds interval)
Build info: version: '3.141.59', revision: 'e82be7d358', time: '2018-11-14T08:17:03'
System info: host: 'PCS15848', ip: '10.148.119.72', os.name: 'Windows 10', os.arch: 'amd64', os.version: '10.0', java.version: '1.8.0_392'
Driver info: net.thucydides.core.webdriver.WebDriverFacade</error><system-err>Expected condition failed: waiting for visibility of all elements located by By.xpath:  .//div[contains(@class, 'form-item')][span[text()='Supplier']]//div[contains(@class, 'Select-option')] | .//div[contains(@class, 'form-item')][span[contains(text(), 'Supplier')]]//div[contains(@class, 'Select-option')] (tried for 120 second(s) with 100 milliseconds interval)
Build info: version: '3.141.59', revision: 'e82be7d358', time: '2018-11-14T08:17:03'
System info: host: 'PCS15848', ip: '10.148.119.72', os.name: 'Windows 10', os.arch: 'amd64', os.version: '10.0', java.version: '1.8.0_392'
Driver info: net.thucydides.core.webdriver.WebDriverFacade&#13;
utils.ExplicitWait.explicitlyWaitForVisibilityOfAllElements(ExplicitWait.java:94)&#13;
pageobjects.IRIS.FAD.FADGenericPage.selectDropdownOption(FADGenericPage.java:80)&#13;
pageobjects.IRIS.FAD.FADGenericPage.selectDropdownOption(FADGenericPage.java:116)&#13;
pageobjects.IRIS.FAD.FADGenericPage.typeAndSelectLabeledDropdownOption(FADGenericPage.java:200)&#13;
pageobjects.IRIS.FAD.VoucherEntryPage.setSupplier(VoucherEntryPage.java:15)&#13;
steps.IRIS.FAD.VoucherEntrySteps.when_I_select_the_supplier(VoucherEntrySteps.java:38)&#13;
org.icrc.fadapplic.IRIS.FAD.AccountsPayable.VoucherEntries.voucherEntryProceedToPayment(VoucherEntries.java:747)&#13;
</system-err></testcase><testcase classname="org.icrc.fadapplic.IRIS.FAD.AccountsPayable.VoucherEntries" name="Multiple lines with same PO and different item code"><error message="Index: 0, Size: 0" type="java.lang.IndexOutOfBoundsException">Index: 0, Size: 0</error><system-err>Index: 0, Size: 0&#13;
pageobjects.IRIS.FAD.VoucherMatchPage.clickSeeMoreDetails(VoucherMatchPage.java:71)&#13;
steps.IRIS.FAD.VoucherMatchSteps.when_I_click_See_More_Details_button(VoucherMatchSteps.java:70)&#13;
org.icrc.fadapplic.IRIS.FAD.AccountsPayable.VoucherEntries.multipleLinesWithSamePOAndDifferentItemCode(VoucherEntries.java:3062)&#13;
</system-err></testcase><testcase classname="org.icrc.fadapplic.IRIS.FAD.AccountsPayable.VoucherEntries" name="Partial voucher match with retention"><error message="Index: 0, Size: 0" type="java.lang.IndexOutOfBoundsException">Index: 0, Size: 0</error><system-err>Index: 0, Size: 0&#13;
pageobjects.IRIS.FAD.VoucherMatchPage.clickSeeMoreDetails(VoucherMatchPage.java:71)&#13;
steps.IRIS.FAD.VoucherMatchSteps.when_I_click_See_More_Details_button(VoucherMatchSteps.java:70)&#13;
org.icrc.fadapplic.IRIS.FAD.AccountsPayable.VoucherEntries.partialVoucherMatchWithRetention(VoucherEntries.java:100)&#13;
</system-err></testcase><testcase classname="org.icrc.fadapplic.IRIS.FAD.AccountsPayable.VoucherEntries" name="Multiple lines with different PO and different item code"><error message="Index: 0, Size: 0" type="java.lang.IndexOutOfBoundsException">Index: 0, Size: 0</error><system-err>Index: 0, Size: 0&#13;
pageobjects.IRIS.FAD.VoucherMatchPage.clickSeeMoreDetails(VoucherMatchPage.java:71)&#13;
steps.IRIS.FAD.VoucherMatchSteps.when_I_click_See_More_Details_button(VoucherMatchSteps.java:70)&#13;
org.icrc.fadapplic.IRIS.FAD.AccountsPayable.VoucherEntries.multipleLinesWithDifferentPOAndDifferentItemCode(VoucherEntries.java:2904)&#13;
</system-err></testcase><testcase classname="org.icrc.fadapplic.IRIS.FAD.AccountsPayable.VoucherEntries" name="Create voucher entry using sustainability accounts"><error message="Expected condition failed: waiting for visibility of all elements located by By.xpath:  .//div[contains(@class, 'form-item')][span[text()='Supplier']]//div[contains(@class, 'Select-option')] | .//div[contains(@class, 'form-item')][span[contains(text(), 'Supplier')]]//div[contains(@class, 'Select-option')] (tried for 120 second(s) with 100 milliseconds interval)&#10;Build info: version: '3.141.59', revision: 'e82be7d358', time: '2018-11-14T08:17:03'&#10;System info: host: 'PCS15848', ip: '10.148.119.72', os.name: 'Windows 10', os.arch: 'amd64', os.version: '10.0', java.version: '1.8.0_392'&#10;Driver info: net.thucydides.core.webdriver.WebDriverFacade" type="org.openqa.selenium.TimeoutException">Expected condition failed: waiting for visibility of all elements located by By.xpath:  .//div[contains(@class, 'form-item')][span[text()='Supplier']]//div[contains(@class, 'Select-option')] | .//div[contains(@class, 'form-item')][span[contains(text(), 'Supplier')]]//div[contains(@class, 'Select-option')] (tried for 120 second(s) with 100 milliseconds interval)
Build info: version: '3.141.59', revision: 'e82be7d358', time: '2018-11-14T08:17:03'
System info: host: 'PCS15848', ip: '10.148.119.72', os.name: 'Windows 10', os.arch: 'amd64', os.version: '10.0', java.version: '1.8.0_392'
Driver info: net.thucydides.core.webdriver.WebDriverFacade</error><system-err>Expected condition failed: waiting for visibility of all elements located by By.xpath:  .//div[contains(@class, 'form-item')][span[text()='Supplier']]//div[contains(@class, 'Select-option')] | .//div[contains(@class, 'form-item')][span[contains(text(), 'Supplier')]]//div[contains(@class, 'Select-option')] (tried for 120 second(s) with 100 milliseconds interval)
Build info: version: '3.141.59', revision: 'e82be7d358', time: '2018-11-14T08:17:03'
System info: host: 'PCS15848', ip: '10.148.119.72', os.name: 'Windows 10', os.arch: 'amd64', os.version: '10.0', java.version: '1.8.0_392'
Driver info: net.thucydides.core.webdriver.WebDriverFacade&#13;
utils.ExplicitWait.explicitlyWaitForVisibilityOfAllElements(ExplicitWait.java:94)&#13;
pageobjects.IRIS.FAD.FADGenericPage.selectDropdownOption(FADGenericPage.java:80)&#13;
pageobjects.IRIS.FAD.FADGenericPage.selectDropdownOption(FADGenericPage.java:116)&#13;
pageobjects.IRIS.FAD.FADGenericPage.typeAndSelectLabeledDropdownOption(FADGenericPage.java:200)&#13;
pageobjects.IRIS.FAD.VoucherEntryPage.setSupplier(VoucherEntryPage.java:15)&#13;
steps.IRIS.FAD.VoucherEntrySteps.when_I_select_the_supplier(VoucherEntrySteps.java:38)&#13;
org.icrc.fadapplic.IRIS.FAD.AccountsPayable.VoucherEntries.createVoucherEntryUsingSustainabilityAccounts(VoucherEntries.java:478)&#13;
</system-err></testcase><testcase classname="org.icrc.fadapplic.IRIS.FAD.AccountsPayable.VoucherEntries" name="Multiple lines with same PO and same item code"><error message="Index: 0, Size: 0" type="java.lang.IndexOutOfBoundsException">Index: 0, Size: 0</error><system-err>Index: 0, Size: 0&#13;
pageobjects.IRIS.FAD.VoucherMatchPage.clickSeeMoreDetails(VoucherMatchPage.java:71)&#13;
steps.IRIS.FAD.VoucherMatchSteps.when_I_click_See_More_Details_button(VoucherMatchSteps.java:70)&#13;
org.icrc.fadapplic.IRIS.FAD.AccountsPayable.VoucherEntries.multipleLinesWithSamePOAndSameItemCode(VoucherEntries.java:3141)&#13;
</system-err></testcase><testcase classname="org.icrc.fadapplic.IRIS.FAD.AccountsPayable.VoucherEntries" name="Voucher match with retention and tax"><error message="Index: 0, Size: 0" type="java.lang.IndexOutOfBoundsException">Index: 0, Size: 0</error><system-err>Index: 0, Size: 0&#13;
pageobjects.IRIS.FAD.VoucherMatchPage.clickSeeMoreDetails(VoucherMatchPage.java:71)&#13;
steps.IRIS.FAD.VoucherMatchSteps.when_I_click_See_More_Details_button(VoucherMatchSteps.java:70)&#13;
org.icrc.fadapplic.IRIS.FAD.AccountsPayable.VoucherEntries.voucherMatchWithRetentionAndTax(VoucherEntries.java:2404)&#13;
</system-err></testcase><testcase classname="org.icrc.fadapplic.IRIS.FAD.AccountsPayable.VoucherEntries" name="Multiple lines with different PO and same item code"><error message="Index: 0, Size: 0" type="java.lang.IndexOutOfBoundsException">Index: 0, Size: 0</error><system-err>Index: 0, Size: 0&#13;
pageobjects.IRIS.FAD.VoucherMatchPage.clickSeeMoreDetails(VoucherMatchPage.java:71)&#13;
steps.IRIS.FAD.VoucherMatchSteps.when_I_click_See_More_Details_button(VoucherMatchSteps.java:70)&#13;
org.icrc.fadapplic.IRIS.FAD.AccountsPayable.VoucherEntries.multipleLinesWithDifferentPOAndSameItemCode(VoucherEntries.java:2983)&#13;
</system-err></testcase><testcase classname="org.icrc.fadapplic.IRIS.FAD.AccountsPayable.VoucherEntries" name="Simple voucher match"><error message="Index: 0, Size: 0" type="java.lang.IndexOutOfBoundsException">Index: 0, Size: 0</error><system-err>Index: 0, Size: 0&#13;
pageobjects.IRIS.FAD.VoucherMatchPage.clickSeeMoreDetails(VoucherMatchPage.java:71)&#13;
steps.IRIS.FAD.VoucherMatchSteps.when_I_click_See_More_Details_button(VoucherMatchSteps.java:70)&#13;
org.icrc.fadapplic.IRIS.FAD.AccountsPayable.VoucherEntries.simpleVoucherMatch(VoucherEntries.java:1862)&#13;
</system-err></testcase><testcase classname="org.icrc.fadapplic.IRIS.FAD.AccountsPayable.VoucherEntries" name="Release retention partial"><error message="empty String" type="java.lang.NumberFormatException">empty String</error><system-err>empty String&#13;
pageobjects.IRIS.FAD.FADGenericPage.isInputValueSet(FADGenericPage.java:248)&#13;
pageobjects.IRIS.FAD.FADGenericPage.multipleTypeIntoInputPerCharacter(FADGenericPage.java:231)&#13;
pageobjects.IRIS.FAD.FADGenericPage.multipleTypeIntoInputPerCharacter(FADGenericPage.java:222)&#13;
pageobjects.IRIS.FAD.FADGenericPage.tryToTypeIntoLabeledTextFieldByMultipleTries(FADGenericPage.java:217)&#13;
pageobjects.IRIS.FAD.ReleaseRetentionPage.setPaymentAmountGrossAmount(ReleaseRetentionPage.java:55)&#13;
steps.IRIS.FAD.ReleaseRetentionSteps.when_I_set_the_gross_amount_equal_to_the_retained_to_release_amount_value(ReleaseRetentionSteps.java:77)&#13;
org.icrc.fadapplic.IRIS.FAD.AccountsPayable.VoucherEntries.releaseRetentionPartial(VoucherEntries.java:1675)&#13;
</system-err></testcase><testcase classname="org.icrc.fadapplic.IRIS.FAD.AccountsPayable.VoucherEntries" name="Partial matching with rounded tax amount"><error message="Index: 0, Size: 0" type="java.lang.IndexOutOfBoundsException">Index: 0, Size: 0</error><system-err>Index: 0, Size: 0&#13;
pageobjects.IRIS.FAD.VoucherMatchPage.clickSeeMoreDetails(VoucherMatchPage.java:71)&#13;
steps.IRIS.FAD.VoucherMatchSteps.when_I_click_See_More_Details_button(VoucherMatchSteps.java:70)&#13;
org.icrc.fadapplic.IRIS.FAD.AccountsPayable.VoucherEntries.partialMatchingWithRoundedTaxAmount(VoucherEntries.java:195)&#13;
</system-err></testcase><testcase classname="org.icrc.fadapplic.IRIS.FAD.AccountsPayable.VoucherEntries" name="Voucher entry with tax rate rounded"/><testcase classname="org.icrc.fadapplic.IRIS.FAD.AccountsPayable.VoucherEntries" name="Voucher matching"><error message="Index: 0, Size: 0" type="java.lang.IndexOutOfBoundsException">Index: 0, Size: 0</error><system-err>Index: 0, Size: 0&#13;
pageobjects.IRIS.FAD.VoucherMatchPage.clickSeeMoreDetails(VoucherMatchPage.java:71)&#13;
steps.IRIS.FAD.VoucherMatchSteps.when_I_click_See_More_Details_button(VoucherMatchSteps.java:70)&#13;
org.icrc.fadapplic.IRIS.FAD.AccountsPayable.VoucherEntries.voucherMatching(VoucherEntries.java:1498)&#13;
</system-err></testcase><testcase classname="org.icrc.fadapplic.IRIS.FAD.AccountsPayable.VoucherEntries" name="Voucher entry export CSV file"><failure type="java.lang.AssertionError"/><system-err>null&#13;
steps.IRIS.FAD.VoucherEntrySteps.then_a_file_should_be_downloaded(VoucherEntrySteps.java:488)&#13;
org.icrc.fadapplic.IRIS.FAD.AccountsPayable.VoucherEntries.voucherEntryExportCSVFile(VoucherEntries.java:883)&#13;
</system-err></testcase><testcase classname="org.icrc.fadapplic.IRIS.FAD.AccountsPayable.VoucherEntries" name="Creating voucher entry"/><testcase classname="org.icrc.fadapplic.IRIS.FAD.AccountsPayable.VoucherEntries" name="Release retention adding a line"/><testcase classname="org.icrc.fadapplic.IRIS.FAD.AccountsPayable.VoucherEntries" name="Voucher match with rounded off tax"><error message="Index: 0, Size: 0" type="java.lang.IndexOutOfBoundsException">Index: 0, Size: 0</error><system-err>Index: 0, Size: 0&#13;
pageobjects.IRIS.FAD.VoucherMatchPage.clickSeeMoreDetails(VoucherMatchPage.java:71)&#13;
steps.IRIS.FAD.VoucherMatchSteps.when_I_click_See_More_Details_button(VoucherMatchSteps.java:70)&#13;
org.icrc.fadapplic.IRIS.FAD.AccountsPayable.VoucherEntries.voucherMatchWithRoundedOffTax(VoucherEntries.java:2238)&#13;
</system-err></testcase><testcase classname="org.icrc.fadapplic.IRIS.FAD.AccountsPayable.VoucherEntries" name="Voucher entry credit memo"/><testcase classname="org.icrc.fadapplic.IRIS.FAD.AccountsPayable.VoucherEntries" name="Partial voucher match with positive additional lines"><error message="Index: 0, Size: 0" type="java.lang.IndexOutOfBoundsException">Index: 0, Size: 0</error><system-err>Index: 0, Size: 0&#13;
pageobjects.IRIS.FAD.VoucherMatchPage.clickSeeMoreDetails(VoucherMatchPage.java:71)&#13;
steps.IRIS.FAD.VoucherMatchSteps.when_I_click_See_More_Details_button(VoucherMatchSteps.java:70)&#13;
org.icrc.fadapplic.IRIS.FAD.AccountsPayable.VoucherEntries.partialVoucherMatchWithPositiveAdditionalLines(VoucherEntries.java:2715)&#13;
</system-err></testcase></testsuite>