<?xml version="1.0" encoding="UTF-8"?><testsuite errors="0" failures="0" name="org.icrc.fadapplic.IRIS.FAD.AccountsPayable.ManageBankAccount" skipped="0" tests="5" time="427.05" timestamp="2023-09-25 04:47:42"><testcase classname="org.icrc.fadapplic.IRIS.FAD.AccountsPayable.ManageBankAccount" name="Add a bank account"/><testcase classname="org.icrc.fadapplic.IRIS.FAD.AccountsPayable.ManageBankAccount" name="Edit a bank account"/><testcase classname="org.icrc.fadapplic.IRIS.FAD.AccountsPayable.ManageBankAccount" name="Search a bank account"/><testcase classname="org.icrc.fadapplic.IRIS.FAD.AccountsPayable.ManageBankAccount" name="Activate a bank account"/><testcase classname="org.icrc.fadapplic.IRIS.FAD.AccountsPayable.ManageBankAccount" name="Manage bank account using GVAGL bank account"/></testsuite>