<?xml version="1.0" encoding="UTF-8"?><testsuite errors="1" failures="0" name="org.icrc.fadapplic.IRIS.FAD.AccountReferential.Employees" skipped="0" tests="1" time="142.15" timestamp="2024-01-25 06:07:32"><testcase classname="org.icrc.fadapplic.IRIS.FAD.AccountReferential.Employees" name="Search employee"><error message="no such element: Unable to locate element: {&quot;method&quot;:&quot;xpath&quot;,&quot;selector&quot;:&quot;//div[contains(@class,'employee-inquiry')]//tbody//tr[1]//td[1]&quot;}&#10;  (Session info: headless chrome=120.0.6099.227)&#10;For documentation on this error, please visit: https://www.seleniumhq.org/exceptions/no_such_element.html&#10;Build info: version: '3.141.59', revision: 'e82be7d358', time: '2018-11-14T08:17:03'&#10;System info: host: 'PCS13943', ip: '192.168.68.122', os.name: 'Windows 10', os.arch: 'amd64', os.version: '10.0', java.version: '11.0.11'&#10;Driver info: org.openqa.selenium.chrome.ChromeDriver&#10;Capabilities {acceptInsecureCerts: false, browserName: chrome, browserVersion: 120.0.6099.227, chrome: {chromedriverVersion: 119.0.6045.105 (38c72552c5e..., userDataDir: C:\Users\A884502\AppData\Lo...}, fedcm:accounts: true, goog:chromeOptions: {debuggerAddress: localhost:56346}, javascriptEnabled: true, networkConnectionEnabled: false, pageLoadStrategy: normal, platform: WINDOWS, platformName: WINDOWS, proxy: Proxy(), setWindowRect: true, strictFileInteractability: false, timeouts: {implicit: 0, pageLoad: 300000, script: 30000}, unhandledPromptBehavior: dismiss and notify, webauthn:extension:credBlob: true, webauthn:extension:largeBlob: true, webauthn:extension:minPinLength: true, webauthn:extension:prf: true, webauthn:virtualAuthenticators: true}&#10;Session ID: 21aa2c9960188be0826869f1f759a5f9&#10;*** Element info: {Using=xpath, value=//div[contains(@class,'employee-inquiry')]//tbody//tr[1]//td[1]}" type="org.openqa.selenium.NoSuchElementException">no such element: Unable to locate element: {"method":"xpath","selector":"//div[contains(@class,'employee-inquiry')]//tbody//tr[1]//td[1]"}
  (Session info: headless chrome=120.0.6099.227)
For documentation on this error, please visit: https://www.seleniumhq.org/exceptions/no_such_element.html
Build info: version: '3.141.59', revision: 'e82be7d358', time: '2018-11-14T08:17:03'
System info: host: 'PCS13943', ip: '192.168.68.122', os.name: 'Windows 10', os.arch: 'amd64', os.version: '10.0', java.version: '11.0.11'
Driver info: org.openqa.selenium.chrome.ChromeDriver
Capabilities {acceptInsecureCerts: false, browserName: chrome, browserVersion: 120.0.6099.227, chrome: {chromedriverVersion: 119.0.6045.105 (38c72552c5e..., userDataDir: C:\Users\A884502\AppData\Lo...}, fedcm:accounts: true, goog:chromeOptions: {debuggerAddress: localhost:56346}, javascriptEnabled: true, networkConnectionEnabled: false, pageLoadStrategy: normal, platform: WINDOWS, platformName: WINDOWS, proxy: Proxy(), setWindowRect: true, strictFileInteractability: false, timeouts: {implicit: 0, pageLoad: 300000, script: 30000}, unhandledPromptBehavior: dismiss and notify, webauthn:extension:credBlob: true, webauthn:extension:largeBlob: true, webauthn:extension:minPinLength: true, webauthn:extension:prf: true, webauthn:virtualAuthenticators: true}
Session ID: 21aa2c9960188be0826869f1f759a5f9
*** Element info: {Using=xpath, value=//div[contains(@class,'employee-inquiry')]//tbody//tr[1]//td[1]}</error><system-err>no such element: Unable to locate element: {"method":"xpath","selector":"//div[contains(@class,'employee-inquiry')]//tbody//tr[1]//td[1]"}
  (Session info: headless chrome=120.0.6099.227)
For documentation on this error, please visit: https://www.seleniumhq.org/exceptions/no_such_element.html
Build info: version: '3.141.59', revision: 'e82be7d358', time: '2018-11-14T08:17:03'
System info: host: 'PCS13943', ip: '192.168.68.122', os.name: 'Windows 10', os.arch: 'amd64', os.version: '10.0', java.version: '11.0.11'
Driver info: org.openqa.selenium.chrome.ChromeDriver
Capabilities {acceptInsecureCerts: false, browserName: chrome, browserVersion: 120.0.6099.227, chrome: {chromedriverVersion: 119.0.6045.105 (38c72552c5e..., userDataDir: C:\Users\A884502\AppData\Lo...}, fedcm:accounts: true, goog:chromeOptions: {debuggerAddress: localhost:56346}, javascriptEnabled: true, networkConnectionEnabled: false, pageLoadStrategy: normal, platform: WINDOWS, platformName: WINDOWS, proxy: Proxy(), setWindowRect: true, strictFileInteractability: false, timeouts: {implicit: 0, pageLoad: 300000, script: 30000}, unhandledPromptBehavior: dismiss and notify, webauthn:extension:credBlob: true, webauthn:extension:largeBlob: true, webauthn:extension:minPinLength: true, webauthn:extension:prf: true, webauthn:virtualAuthenticators: true}
Session ID: 21aa2c9960188be0826869f1f759a5f9
*** Element info: {Using=xpath, value=//div[contains(@class,'employee-inquiry')]//tbody//tr[1]//td[1]}&#13;
pageobjects.IRIS.FAD.EmployeeInquiryPage.getEmployeeIDFromTable(EmployeeInquiryPage.java:32)&#13;
steps.IRIS.FAD.EmployeeInquirySteps.then_the_ID_number_displayed_should_be(EmployeeInquirySteps.java:44)&#13;
org.icrc.fadapplic.IRIS.FAD.AccountReferential.Employees.searchEmployee(Employees.java:37)&#13;
</system-err></testcase></testsuite>