<?xml version="1.0" encoding="UTF-8"?><testsuite errors="1" failures="4" name="org.icrc.fadapplic.IRIS.FAD.AccountsPayable.SupplierCreation" skipped="0" tests="6" time="415.66" timestamp="2024-01-24 11:24:07"><testcase classname="org.icrc.fadapplic.IRIS.FAD.AccountsPayable.SupplierCreation" name="View a supplier"><failure type="java.lang.AssertionError"/><system-err>null&#13;
steps.IRIS.FAD.SupplierCreationSteps.then_a_search_result_should_show_up_containing_supplier(SupplierCreationSteps.java:150)&#13;
org.icrc.fadapplic.IRIS.FAD.AccountsPayable.SupplierCreation.viewASupplier(SupplierCreation.java:219)&#13;
</system-err></testcase><testcase classname="org.icrc.fadapplic.IRIS.FAD.AccountsPayable.SupplierCreation" name="Edit a supplier"><error message="Expected condition failed: waiting for visibility of all elements located by By.xpath:  .//div[contains(@class, 'form-item')][span[text()='Supplier']]//div[contains(@class, 'Select-option')] | .//div[contains(@class, 'form-item')][span[contains(text(), 'Supplier')]]//div[contains(@class, 'Select-option')] (tried for 120 second(s) with 100 milliseconds interval)&#10;Build info: version: '3.141.59', revision: 'e82be7d358', time: '2018-11-14T08:17:03'&#10;System info: host: 'PCS15848', ip: '192.168.55.105', os.name: 'Windows 10', os.arch: 'amd64', os.version: '10.0', java.version: '1.8.0_392'&#10;Driver info: net.thucydides.core.webdriver.WebDriverFacade" type="org.openqa.selenium.TimeoutException">Expected condition failed: waiting for visibility of all elements located by By.xpath:  .//div[contains(@class, 'form-item')][span[text()='Supplier']]//div[contains(@class, 'Select-option')] | .//div[contains(@class, 'form-item')][span[contains(text(), 'Supplier')]]//div[contains(@class, 'Select-option')] (tried for 120 second(s) with 100 milliseconds interval)
Build info: version: '3.141.59', revision: 'e82be7d358', time: '2018-11-14T08:17:03'
System info: host: 'PCS15848', ip: '192.168.55.105', os.name: 'Windows 10', os.arch: 'amd64', os.version: '10.0', java.version: '1.8.0_392'
Driver info: net.thucydides.core.webdriver.WebDriverFacade</error><system-err>Expected condition failed: waiting for visibility of all elements located by By.xpath:  .//div[contains(@class, 'form-item')][span[text()='Supplier']]//div[contains(@class, 'Select-option')] | .//div[contains(@class, 'form-item')][span[contains(text(), 'Supplier')]]//div[contains(@class, 'Select-option')] (tried for 120 second(s) with 100 milliseconds interval)
Build info: version: '3.141.59', revision: 'e82be7d358', time: '2018-11-14T08:17:03'
System info: host: 'PCS15848', ip: '192.168.55.105', os.name: 'Windows 10', os.arch: 'amd64', os.version: '10.0', java.version: '1.8.0_392'
Driver info: net.thucydides.core.webdriver.WebDriverFacade&#13;
utils.ExplicitWait.explicitlyWaitForVisibilityOfAllElements(ExplicitWait.java:94)&#13;
pageobjects.IRIS.FAD.FADGenericPage.selectDropdownOption(FADGenericPage.java:80)&#13;
pageobjects.IRIS.FAD.FADGenericPage.selectDropdownOption(FADGenericPage.java:116)&#13;
pageobjects.IRIS.FAD.FADGenericPage.typeAndSelectLabeledDropdownOption(FADGenericPage.java:200)&#13;
pageobjects.IRIS.FAD.SupplierCreationPage.setSupplier(SupplierCreationPage.java:102)&#13;
steps.IRIS.FAD.SupplierCreationSteps.when_I_set_the_Supplier(SupplierCreationSteps.java:145)&#13;
org.icrc.fadapplic.IRIS.FAD.AccountsPayable.SupplierCreation.editASupplier(SupplierCreation.java:404)&#13;
</system-err></testcase><testcase classname="org.icrc.fadapplic.IRIS.FAD.AccountsPayable.SupplierCreation" name="Payment terms update"><failure message="expected:&lt;[Supplier Address Book Creation]&gt; but was:&lt;[MERALCO]&gt;" type="org.junit.ComparisonFailure">expected:&lt;[Supplier Address Book Creation]&gt; but was:&lt;[MERALCO]&gt;</failure><system-err>expected:&lt;[Supplier Address Book Creation]&gt; but was:&lt;[MERALCO]&gt;&#13;
steps.IRIS.FAD.SupplierCreationSteps.then_the_Supplier_Address_Book_Creation_form_should_show_up(SupplierCreationSteps.java:33)&#13;
org.icrc.fadapplic.IRIS.FAD.AccountsPayable.SupplierCreation.paymentTermsUpdate(SupplierCreation.java:82)&#13;
</system-err></testcase><testcase classname="org.icrc.fadapplic.IRIS.FAD.AccountsPayable.SupplierCreation" name="Search a supplier"><failure type="java.lang.AssertionError"/><system-err>null&#13;
steps.IRIS.FAD.SupplierCreationSteps.then_a_search_result_should_show_up_containing_supplier(SupplierCreationSteps.java:150)&#13;
org.icrc.fadapplic.IRIS.FAD.AccountsPayable.SupplierCreation.searchASupplier(SupplierCreation.java:476)&#13;
</system-err></testcase><testcase classname="org.icrc.fadapplic.IRIS.FAD.AccountsPayable.SupplierCreation" name="Validate or deactivate a supplier"><failure type="java.lang.AssertionError"/><system-err>null&#13;
steps.IRIS.FAD.SupplierCreationSteps.then_a_search_result_should_show_up_containing_supplier(SupplierCreationSteps.java:150)&#13;
org.icrc.fadapplic.IRIS.FAD.AccountsPayable.SupplierCreation.validateOrDeactivateASupplier(SupplierCreation.java:278)&#13;
</system-err></testcase><testcase classname="org.icrc.fadapplic.IRIS.FAD.AccountsPayable.SupplierCreation" name="Supplier and supplier master creation"/></testsuite>