<?xml version="1.0" encoding="UTF-8"?><testsuite errors="1" failures="0" name="org.icrc.fadapplic.IRIS.FAD.GeneralLedger.WorkingAdvance" skipped="0" tests="1" time="1.88" timestamp="2023-11-23 05:16:20"><testcase classname="org.icrc.fadapplic.IRIS.FAD.GeneralLedger.WorkingAdvance" name="Create working advance entry"><error message="The following error occurred: unknown error: net::ERR_NAME_NOT_RESOLVED&#10;  (Session info: headless chrome=119.0.6045.160)&#10;Build info: version: '3.141.59', revision: 'e82be7d358', time: '2018-11-14T08:17:03'&#10;System info: host: 'PCS15848', ip: '192.168.55.102', os.name: 'Windows 10', os.arch: 'amd64', os.version: '10.0', java.version: '1.8.0_392'&#10;Driver info: org.openqa.selenium.chrome.ChromeDriver&#10;Capabilities {acceptInsecureCerts: false, browserName: chrome, browserVersion: 119.0.6045.160, chrome: {chromedriverVersion: 119.0.6045.105 (38c72552c5e..., userDataDir: C:\Users\A734509\AppData\Lo...}, fedcm:accounts: true, goog:chromeOptions: {debuggerAddress: localhost:51412}, javascriptEnabled: true, networkConnectionEnabled: false, pageLoadStrategy: normal, platform: WINDOWS, platformName: WINDOWS, proxy: Proxy(), setWindowRect: true, strictFileInteractability: false, timeouts: {implicit: 0, pageLoad: 300000, script: 30000}, unhandledPromptBehavior: dismiss and notify, webauthn:extension:credBlob: true, webauthn:extension:largeBlob: true, webauthn:extension:minPinLength: true, webauthn:extension:prf: true, webauthn:virtualAuthenticators: true}&#10;Session ID: c7c3dc65c6d63ebca9d63e44f52fd330" type="org.openqa.selenium.WebDriverException">The following error occurred: unknown error: net::ERR_NAME_NOT_RESOLVED
  (Session info: headless chrome=119.0.6045.160)
Build info: version: '3.141.59', revision: 'e82be7d358', time: '2018-11-14T08:17:03'
System info: host: 'PCS15848', ip: '192.168.55.102', os.name: 'Windows 10', os.arch: 'amd64', os.version: '10.0', java.version: '1.8.0_392'
Driver info: org.openqa.selenium.chrome.ChromeDriver
Capabilities {acceptInsecureCerts: false, browserName: chrome, browserVersion: 119.0.6045.160, chrome: {chromedriverVersion: 119.0.6045.105 (38c72552c5e..., userDataDir: C:\Users\A734509\AppData\Lo...}, fedcm:accounts: true, goog:chromeOptions: {debuggerAddress: localhost:51412}, javascriptEnabled: true, networkConnectionEnabled: false, pageLoadStrategy: normal, platform: WINDOWS, platformName: WINDOWS, proxy: Proxy(), setWindowRect: true, strictFileInteractability: false, timeouts: {implicit: 0, pageLoad: 300000, script: 30000}, unhandledPromptBehavior: dismiss and notify, webauthn:extension:credBlob: true, webauthn:extension:largeBlob: true, webauthn:extension:minPinLength: true, webauthn:extension:prf: true, webauthn:virtualAuthenticators: true}
Session ID: c7c3dc65c6d63ebca9d63e44f52fd330</error><system-err>The following error occurred: unknown error: net::ERR_NAME_NOT_RESOLVED
  (Session info: headless chrome=119.0.6045.160)
Build info: version: '3.141.59', revision: 'e82be7d358', time: '2018-11-14T08:17:03'
System info: host: 'PCS15848', ip: '192.168.55.102', os.name: 'Windows 10', os.arch: 'amd64', os.version: '10.0', java.version: '1.8.0_392'
Driver info: org.openqa.selenium.chrome.ChromeDriver
Capabilities {acceptInsecureCerts: false, browserName: chrome, browserVersion: 119.0.6045.160, chrome: {chromedriverVersion: 119.0.6045.105 (38c72552c5e..., userDataDir: C:\Users\A734509\AppData\Lo...}, fedcm:accounts: true, goog:chromeOptions: {debuggerAddress: localhost:51412}, javascriptEnabled: true, networkConnectionEnabled: false, pageLoadStrategy: normal, platform: WINDOWS, platformName: WINDOWS, proxy: Proxy(), setWindowRect: true, strictFileInteractability: false, timeouts: {implicit: 0, pageLoad: 300000, script: 30000}, unhandledPromptBehavior: dismiss and notify, webauthn:extension:credBlob: true, webauthn:extension:largeBlob: true, webauthn:extension:minPinLength: true, webauthn:extension:prf: true, webauthn:virtualAuthenticators: true}
Session ID: c7c3dc65c6d63ebca9d63e44f52fd330&#13;
pageobjects.IRIS.FAD.GenericPage.openUrl(GenericPage.java:50)&#13;
steps.IRIS.FAD.FADGenericSteps.when_I_open_FAD_URL(FADGenericSteps.java:16)&#13;
steps.IRIS.FAD.WorkingAdvanceSteps.given_that_im_logged_in_to_working_advance_page(WorkingAdvanceSteps.java:16)&#13;
org.icrc.fadapplic.IRIS.FAD.GeneralLedger.WorkingAdvance.createWorkingAdvanceEntry(WorkingAdvance.java:37)&#13;
</system-err></testcase></testsuite>