<?xml version="1.0" encoding="UTF-8"?><testsuite errors="1" failures="1" name="org.icrc.fadapplic.IRIS.FAD.AccountsPayable.Payments" skipped="0" tests="7" time="2003.43" timestamp="2023-11-23 02:26:29"><testcase classname="org.icrc.fadapplic.IRIS.FAD.AccountsPayable.Payments" name="Manual payment partial"/><testcase classname="org.icrc.fadapplic.IRIS.FAD.AccountsPayable.Payments" name="Manual payment with multiple documents"><error message="Expected condition failed: waiting for visibility of all elements located by By.xpath:  .//div[contains(@class, 'form-item')][span[text()='Currency']]//div[contains(@class, 'Select-option')] | .//div[contains(@class, 'form-item')][span[contains(text(), 'Currency')]]//div[contains(@class, 'Select-option')] (tried for 120 second(s) with 100 milliseconds interval)&#10;Build info: version: '3.141.59', revision: 'e82be7d358', time: '2018-11-14T08:17:03'&#10;System info: host: 'PCS15848', ip: '192.168.55.102', os.name: 'Windows 10', os.arch: 'amd64', os.version: '10.0', java.version: '1.8.0_392'&#10;Driver info: net.thucydides.core.webdriver.WebDriverFacade" type="org.openqa.selenium.TimeoutException">Expected condition failed: waiting for visibility of all elements located by By.xpath:  .//div[contains(@class, 'form-item')][span[text()='Currency']]//div[contains(@class, 'Select-option')] | .//div[contains(@class, 'form-item')][span[contains(text(), 'Currency')]]//div[contains(@class, 'Select-option')] (tried for 120 second(s) with 100 milliseconds interval)
Build info: version: '3.141.59', revision: 'e82be7d358', time: '2018-11-14T08:17:03'
System info: host: 'PCS15848', ip: '192.168.55.102', os.name: 'Windows 10', os.arch: 'amd64', os.version: '10.0', java.version: '1.8.0_392'
Driver info: net.thucydides.core.webdriver.WebDriverFacade</error><system-err>Expected condition failed: waiting for visibility of all elements located by By.xpath:  .//div[contains(@class, 'form-item')][span[text()='Currency']]//div[contains(@class, 'Select-option')] | .//div[contains(@class, 'form-item')][span[contains(text(), 'Currency')]]//div[contains(@class, 'Select-option')] (tried for 120 second(s) with 100 milliseconds interval)
Build info: version: '3.141.59', revision: 'e82be7d358', time: '2018-11-14T08:17:03'
System info: host: 'PCS15848', ip: '192.168.55.102', os.name: 'Windows 10', os.arch: 'amd64', os.version: '10.0', java.version: '1.8.0_392'
Driver info: net.thucydides.core.webdriver.WebDriverFacade&#13;
utils.ExplicitWait.explicitlyWaitForVisibilityOfAllElements(ExplicitWait.java:94)&#13;
pageobjects.IRIS.FAD.FADGenericPage.selectDropdownOption(FADGenericPage.java:80)&#13;
pageobjects.IRIS.FAD.FADGenericPage.selectDropdownOption(FADGenericPage.java:116)&#13;
pageobjects.IRIS.FAD.FADGenericPage.typeAndSelectLabeledDropdownOption(FADGenericPage.java:200)&#13;
pageobjects.IRIS.FAD.FADGenericPage.setCurrency(FADGenericPage.java:279)&#13;
steps.IRIS.FAD.VoucherEntrySteps.when_I_select_the_Currency(VoucherEntrySteps.java:49)&#13;
org.icrc.fadapplic.IRIS.FAD.AccountsPayable.Payments.manualPaymentWithMultipleDocuments(Payments.java:1214)&#13;
</system-err></testcase><testcase classname="org.icrc.fadapplic.IRIS.FAD.AccountsPayable.Payments" name="Application of prepayment full"><failure message="Expected enabled element was not enabled" type="net.thucydides.core.webdriver.exceptions.ElementShouldBeEnabledException">Expected enabled element was not enabled</failure><system-err>Expected enabled element was not enabled&#13;
pageobjects.IRIS.FAD.GenericPage.clickElement(GenericPage.java:218)&#13;
pageobjects.IRIS.FAD.ManualPaymentPage.clickRowCheckboxFromOpenInvoicesTable(ManualPaymentPage.java:64)&#13;
steps.IRIS.FAD.ManualPaymentSteps.when_I_select_the_Open_Invoices_row(ManualPaymentSteps.java:175)&#13;
org.icrc.fadapplic.IRIS.FAD.AccountsPayable.Payments.applicationOfPrepaymentFull(Payments.java:251)&#13;
</system-err></testcase><testcase classname="org.icrc.fadapplic.IRIS.FAD.AccountsPayable.Payments" name="Manual payment with negative amount"/><testcase classname="org.icrc.fadapplic.IRIS.FAD.AccountsPayable.Payments" name="Manual payment with zero payments"/><testcase classname="org.icrc.fadapplic.IRIS.FAD.AccountsPayable.Payments" name="Manual payment full"/><testcase classname="org.icrc.fadapplic.IRIS.FAD.AccountsPayable.Payments" name="Application of prepayment partial"/></testsuite>