<?xml version="1.0" encoding="UTF-8"?><testsuite errors="1" failures="0" name="org.icrc.fadapplic.IRIS.FAD.AccountReferential.Employees" skipped="0" tests="1" time="40.56" timestamp="2023-11-23 02:18:16"><testcase classname="org.icrc.fadapplic.IRIS.FAD.AccountReferential.Employees" name="Search employee"><error message="Expected condition failed: waiting for visibility of element located by By.xpath: //div[@class = 'sidebar-menu-container'] (tried for 10 second(s) with 100 milliseconds interval)" type="org.openqa.selenium.TimeoutException">Expected condition failed: waiting for visibility of element located by By.xpath: //div[@class = 'sidebar-menu-container'] (tried for 10 second(s) with 100 milliseconds interval)</error><system-err>Expected condition failed: waiting for visibility of element located by By.xpath: //div[@class = 'sidebar-menu-container'] (tried for 10 second(s) with 100 milliseconds interval)&#13;
utils.ExplicitWait.explicitlyWaitForVisibilityOfElement(ExplicitWait.java:30)&#13;
pageobjects.IRIS.FAD.FADSidebarPage.clickSidebarMenu(FADSidebarPage.java:9)&#13;
pageobjects.IRIS.FAD.FADSidebarPage.openSidebarMenu(FADSidebarPage.java:14)&#13;
steps.IRIS.FAD.FADGenericSteps.when_I_open_page_from_sidebar_menu(FADGenericSteps.java:25)&#13;
steps.IRIS.FAD.EmployeeInquirySteps.given_that_I_am_navigated_to_employee_inquiry_page(EmployeeInquirySteps.java:17)&#13;
org.icrc.fadapplic.IRIS.FAD.AccountReferential.Employees.searchEmployee(Employees.java:33)&#13;
</system-err></testcase></testsuite>