<?xml version="1.0" encoding="UTF-8"?><testsuite errors="4" failures="0" name="org.icrc.fadapplic.IRIS.FAD.AccountsPayable.ReviewAPEntries" skipped="0" tests="16" time="2567.59" timestamp="2023-09-26 02:38:00"><testcase classname="org.icrc.fadapplic.IRIS.FAD.AccountsPayable.ReviewAPEntries" name="Edit voucher entries delete a line"/><testcase classname="org.icrc.fadapplic.IRIS.FAD.AccountsPayable.ReviewAPEntries" name="Create manual payment and delete unposted payment"><error message="Expected condition failed: waiting for visibility of element located by By.xpath: //div[contains(@class, 'modal') and contains(@style, 'left: 0px')]//h3 (tried for 20 second(s) with 100 milliseconds interval)" type="org.openqa.selenium.TimeoutException">Expected condition failed: waiting for visibility of element located by By.xpath: //div[contains(@class, 'modal') and contains(@style, 'left: 0px')]//h3 (tried for 20 second(s) with 100 milliseconds interval)</error><system-err>Expected condition failed: waiting for visibility of element located by By.xpath: //div[contains(@class, 'modal') and contains(@style, 'left: 0px')]//h3 (tried for 20 second(s) with 100 milliseconds interval)&#13;
utils.ExplicitWait.explicitlyWaitForVisibilityOfElement(ExplicitWait.java:30)&#13;
pageobjects.IRIS.FAD.FADModalPage.getModalTitle(FADModalPage.java:21)&#13;
steps.IRIS.FAD.ManualPaymentSteps.then_the_Manual_Payment_Successfully_Created_modal_should_show_up(ManualPaymentSteps.java:96)&#13;
steps.IRIS.FAD.ManualPaymentSteps.then_the_Manual_Payment_Successfully_Created_modal_and_its_contents_should_show_up(ManualPaymentSteps.java:87)&#13;
org.icrc.fadapplic.IRIS.FAD.AccountsPayable.ReviewAPEntries.createManualPaymentAndDeleteUnpostedPayment(ReviewAPEntries.java:1419)&#13;
</system-err></testcase><testcase classname="org.icrc.fadapplic.IRIS.FAD.AccountsPayable.ReviewAPEntries" name="Clear employee field for GL distribution and voucher entries"/><testcase classname="org.icrc.fadapplic.IRIS.FAD.AccountsPayable.ReviewAPEntries" name="Reversal of unposted PO redistribution"/><testcase classname="org.icrc.fadapplic.IRIS.FAD.AccountsPayable.ReviewAPEntries" name="Create voucher entry and edit"><error message="Expected condition failed: waiting for visibility of element located by By.xpath: //div[contains(@class, 'modal') and contains(@style, 'left: 0px')]//h3 (tried for 20 second(s) with 100 milliseconds interval)" type="org.openqa.selenium.TimeoutException">Expected condition failed: waiting for visibility of element located by By.xpath: //div[contains(@class, 'modal') and contains(@style, 'left: 0px')]//h3 (tried for 20 second(s) with 100 milliseconds interval)</error><system-err>Expected condition failed: waiting for visibility of element located by By.xpath: //div[contains(@class, 'modal') and contains(@style, 'left: 0px')]//h3 (tried for 20 second(s) with 100 milliseconds interval)&#13;
utils.ExplicitWait.explicitlyWaitForVisibilityOfElement(ExplicitWait.java:30)&#13;
pageobjects.IRIS.FAD.FADModalPage.getModalTitle(FADModalPage.java:21)&#13;
steps.IRIS.FAD.VoucherEntrySteps.then_the_Voucher_Entry_Successfully_Created_modal_should_show_up(VoucherEntrySteps.java:206)&#13;
steps.IRIS.FAD.VoucherEntrySteps.then_the_Voucher_Entry_Successfully_Created_modal_and_its_contents_should_show_up(VoucherEntrySteps.java:188)&#13;
org.icrc.fadapplic.IRIS.FAD.AccountsPayable.ReviewAPEntries.createVoucherEntryAndEdit(ReviewAPEntries.java:1127)&#13;
</system-err></testcase><testcase classname="org.icrc.fadapplic.IRIS.FAD.AccountsPayable.ReviewAPEntries" name="Edit AP entries"/><testcase classname="org.icrc.fadapplic.IRIS.FAD.AccountsPayable.ReviewAPEntries" name="Review voucher AP entries"/><testcase classname="org.icrc.fadapplic.IRIS.FAD.AccountsPayable.ReviewAPEntries" name="Search payment"/><testcase classname="org.icrc.fadapplic.IRIS.FAD.AccountsPayable.ReviewAPEntries" name="Reversal of unposted voucher match"><error message="element click intercepted: Element &lt;button tabindex=&quot;0&quot; type=&quot;button&quot; style=&quot;border: 10px; box-sizing: border-box; display: inline-block; font-family: Roboto, sans-serif; -webkit-tap-highlight-color: rgba(0, 0, 0, 0); cursor: pointer; text-decoration: none; margin: 0px; padding: 0px; outline: none; font-size: inherit; font-weight: inherit; position: relative; height: 36px; line-height: 36px; width: 100%; border-radius: 2px; transition: all 450ms cubic-bezier(0.23, 1, 0.32, 1) 0ms; background-color: rgb(255, 255, 255); text-align: center;&quot;&gt;...&lt;/button&gt; is not clickable at point (1822, 550). Other element would receive the click: &lt;div style=&quot;position: fixed; height: 100%; width: 100%; top: 0px; left: 0px; opacity: 1; background-color: rgba(0, 0, 0, 0.54); -webkit-tap-highlight-color: rgba(0, 0, 0, 0); will-change: opacity; transform: translateZ(0px); transition: left 0ms cubic-bezier(0.23, 1, 0.32, 1) 0ms, opacity 400ms cubic-bezier(0.23, 1, 0.32, 1) 0ms; z-index: 1400;&quot;&gt;&lt;/div&gt;&#10;  (Session info: headless chrome=117.0.5938.89)&#10;Build info: version: '3.141.59', revision: 'e82be7d358', time: '2018-11-14T08:17:03'&#10;System info: host: 'PCS15848', ip: '10.148.119.60', os.name: 'Windows 10', os.arch: 'amd64', os.version: '10.0', java.version: '1.8.0_392'&#10;Driver info: org.openqa.selenium.chrome.ChromeDriver&#10;Capabilities {acceptInsecureCerts: false, browserName: chrome, browserVersion: 117.0.5938.89, chrome: {chromedriverVersion: 116.0.5845.96 (1a3918166880..., userDataDir: C:\Users\A734509\AppData\Lo...}, fedcm:accounts: true, goog:chromeOptions: {debuggerAddress: localhost:58183}, javascriptEnabled: true, networkConnectionEnabled: false, pageLoadStrategy: normal, platform: WINDOWS, platformName: WINDOWS, proxy: Proxy(), setWindowRect: true, strictFileInteractability: false, timeouts: {implicit: 0, pageLoad: 300000, script: 30000}, unhandledPromptBehavior: dismiss and notify, webauthn:extension:credBlob: true, webauthn:extension:largeBlob: true, webauthn:extension:minPinLength: true, webauthn:extension:prf: true, webauthn:virtualAuthenticators: true}&#10;Session ID: d6f2d7183e64eccaec9c8129b3f83f21&#10;Build info: version: '3.141.59', revision: 'e82be7d358', time: '2018-11-14T08:17:03'&#10;System info: host: 'PCS15848', ip: '10.148.119.60', os.name: 'Windows 10', os.arch: 'amd64', os.version: '10.0', java.version: '1.8.0_392'&#10;Driver info: driver.version: unknown" type="org.openqa.selenium.ElementClickInterceptedException">element click intercepted: Element &lt;button tabindex="0" type="button" style="border: 10px; box-sizing: border-box; display: inline-block; font-family: Roboto, sans-serif; -webkit-tap-highlight-color: rgba(0, 0, 0, 0); cursor: pointer; text-decoration: none; margin: 0px; padding: 0px; outline: none; font-size: inherit; font-weight: inherit; position: relative; height: 36px; line-height: 36px; width: 100%; border-radius: 2px; transition: all 450ms cubic-bezier(0.23, 1, 0.32, 1) 0ms; background-color: rgb(255, 255, 255); text-align: center;"&gt;...&lt;/button&gt; is not clickable at point (1822, 550). Other element would receive the click: &lt;div style="position: fixed; height: 100%; width: 100%; top: 0px; left: 0px; opacity: 1; background-color: rgba(0, 0, 0, 0.54); -webkit-tap-highlight-color: rgba(0, 0, 0, 0); will-change: opacity; transform: translateZ(0px); transition: left 0ms cubic-bezier(0.23, 1, 0.32, 1) 0ms, opacity 400ms cubic-bezier(0.23, 1, 0.32, 1) 0ms; z-index: 1400;"&gt;&lt;/div&gt;
  (Session info: headless chrome=117.0.5938.89)
Build info: version: '3.141.59', revision: 'e82be7d358', time: '2018-11-14T08:17:03'
System info: host: 'PCS15848', ip: '10.148.119.60', os.name: 'Windows 10', os.arch: 'amd64', os.version: '10.0', java.version: '1.8.0_392'
Driver info: org.openqa.selenium.chrome.ChromeDriver
Capabilities {acceptInsecureCerts: false, browserName: chrome, browserVersion: 117.0.5938.89, chrome: {chromedriverVersion: 116.0.5845.96 (1a3918166880..., userDataDir: C:\Users\A734509\AppData\Lo...}, fedcm:accounts: true, goog:chromeOptions: {debuggerAddress: localhost:58183}, javascriptEnabled: true, networkConnectionEnabled: false, pageLoadStrategy: normal, platform: WINDOWS, platformName: WINDOWS, proxy: Proxy(), setWindowRect: true, strictFileInteractability: false, timeouts: {implicit: 0, pageLoad: 300000, script: 30000}, unhandledPromptBehavior: dismiss and notify, webauthn:extension:credBlob: true, webauthn:extension:largeBlob: true, webauthn:extension:minPinLength: true, webauthn:extension:prf: true, webauthn:virtualAuthenticators: true}
Session ID: d6f2d7183e64eccaec9c8129b3f83f21
Build info: version: '3.141.59', revision: 'e82be7d358', time: '2018-11-14T08:17:03'
System info: host: 'PCS15848', ip: '10.148.119.60', os.name: 'Windows 10', os.arch: 'amd64', os.version: '10.0', java.version: '1.8.0_392'
Driver info: driver.version: unknown</error><system-err>element click intercepted: Element &lt;button tabindex="0" type="button" style="border: 10px; box-sizing: border-box; display: inline-block; font-family: Roboto, sans-serif; -webkit-tap-highlight-color: rgba(0, 0, 0, 0); cursor: pointer; text-decoration: none; margin: 0px; padding: 0px; outline: none; font-size: inherit; font-weight: inherit; position: relative; height: 36px; line-height: 36px; width: 100%; border-radius: 2px; transition: all 450ms cubic-bezier(0.23, 1, 0.32, 1) 0ms; background-color: rgb(255, 255, 255); text-align: center;"&gt;...&lt;/button&gt; is not clickable at point (1822, 550). Other element would receive the click: &lt;div style="position: fixed; height: 100%; width: 100%; top: 0px; left: 0px; opacity: 1; background-color: rgba(0, 0, 0, 0.54); -webkit-tap-highlight-color: rgba(0, 0, 0, 0); will-change: opacity; transform: translateZ(0px); transition: left 0ms cubic-bezier(0.23, 1, 0.32, 1) 0ms, opacity 400ms cubic-bezier(0.23, 1, 0.32, 1) 0ms; z-index: 1400;"&gt;&lt;/div&gt;
  (Session info: headless chrome=117.0.5938.89)
Build info: version: '3.141.59', revision: 'e82be7d358', time: '2018-11-14T08:17:03'
System info: host: 'PCS15848', ip: '10.148.119.60', os.name: 'Windows 10', os.arch: 'amd64', os.version: '10.0', java.version: '1.8.0_392'
Driver info: org.openqa.selenium.chrome.ChromeDriver
Capabilities {acceptInsecureCerts: false, browserName: chrome, browserVersion: 117.0.5938.89, chrome: {chromedriverVersion: 116.0.5845.96 (1a3918166880..., userDataDir: C:\Users\A734509\AppData\Lo...}, fedcm:accounts: true, goog:chromeOptions: {debuggerAddress: localhost:58183}, javascriptEnabled: true, networkConnectionEnabled: false, pageLoadStrategy: normal, platform: WINDOWS, platformName: WINDOWS, proxy: Proxy(), setWindowRect: true, strictFileInteractability: false, timeouts: {implicit: 0, pageLoad: 300000, script: 30000}, unhandledPromptBehavior: dismiss and notify, webauthn:extension:credBlob: true, webauthn:extension:largeBlob: true, webauthn:extension:minPinLength: true, webauthn:extension:prf: true, webauthn:virtualAuthenticators: true}
Session ID: d6f2d7183e64eccaec9c8129b3f83f21
Build info: version: '3.141.59', revision: 'e82be7d358', time: '2018-11-14T08:17:03'
System info: host: 'PCS15848', ip: '10.148.119.60', os.name: 'Windows 10', os.arch: 'amd64', os.version: '10.0', java.version: '1.8.0_392'
Driver info: driver.version: unknown&#13;
pageobjects.IRIS.FAD.GenericPage.clickElement(GenericPage.java:204)&#13;
pageobjects.IRIS.FAD.GenericPage.clickLabeledButton(GenericPage.java:289)&#13;
pageobjects.IRIS.FAD.VoucherMatchPage.clickOnSaveBtn(VoucherMatchPage.java:106)&#13;
steps.IRIS.FAD.VoucherMatchSteps.when_I_click_on_Save_button(VoucherMatchSteps.java:124)&#13;
org.icrc.fadapplic.IRIS.FAD.AccountsPayable.ReviewAPEntries.reversalOfUnpostedVoucherMatch(ReviewAPEntries.java:759)&#13;
</system-err></testcase><testcase classname="org.icrc.fadapplic.IRIS.FAD.AccountsPayable.ReviewAPEntries" name="Check edit button for voucher entry and redistribute GL"/><testcase classname="org.icrc.fadapplic.IRIS.FAD.AccountsPayable.ReviewAPEntries" name="Print payment form"/><testcase classname="org.icrc.fadapplic.IRIS.FAD.AccountsPayable.ReviewAPEntries" name="Edit voucher entry line account number"/><testcase classname="org.icrc.fadapplic.IRIS.FAD.AccountsPayable.ReviewAPEntries" name="Payment information"><error message="timeout: Timed out receiving message from renderer: 298.804&#10;  (Session info: headless chrome=117.0.5938.89)&#10;Build info: version: '3.141.59', revision: 'e82be7d358', time: '2018-11-14T08:17:03'&#10;System info: host: 'PCS15848', ip: '10.148.119.60', os.name: 'Windows 10', os.arch: 'amd64', os.version: '10.0', java.version: '1.8.0_392'&#10;Driver info: org.openqa.selenium.chrome.ChromeDriver&#10;Capabilities {acceptInsecureCerts: false, browserName: chrome, browserVersion: 117.0.5938.89, chrome: {chromedriverVersion: 116.0.5845.96 (1a3918166880..., userDataDir: C:\Users\A734509\AppData\Lo...}, fedcm:accounts: true, goog:chromeOptions: {debuggerAddress: localhost:58541}, javascriptEnabled: true, networkConnectionEnabled: false, pageLoadStrategy: normal, platform: WINDOWS, platformName: WINDOWS, proxy: Proxy(), setWindowRect: true, strictFileInteractability: false, timeouts: {implicit: 0, pageLoad: 300000, script: 30000}, unhandledPromptBehavior: dismiss and notify, webauthn:extension:credBlob: true, webauthn:extension:largeBlob: true, webauthn:extension:minPinLength: true, webauthn:extension:prf: true, webauthn:virtualAuthenticators: true}&#10;Session ID: 7bd919c3a74b236763bbf6ca4208bd05" type="org.openqa.selenium.TimeoutException">timeout: Timed out receiving message from renderer: 298.804
  (Session info: headless chrome=117.0.5938.89)
Build info: version: '3.141.59', revision: 'e82be7d358', time: '2018-11-14T08:17:03'
System info: host: 'PCS15848', ip: '10.148.119.60', os.name: 'Windows 10', os.arch: 'amd64', os.version: '10.0', java.version: '1.8.0_392'
Driver info: org.openqa.selenium.chrome.ChromeDriver
Capabilities {acceptInsecureCerts: false, browserName: chrome, browserVersion: 117.0.5938.89, chrome: {chromedriverVersion: 116.0.5845.96 (1a3918166880..., userDataDir: C:\Users\A734509\AppData\Lo...}, fedcm:accounts: true, goog:chromeOptions: {debuggerAddress: localhost:58541}, javascriptEnabled: true, networkConnectionEnabled: false, pageLoadStrategy: normal, platform: WINDOWS, platformName: WINDOWS, proxy: Proxy(), setWindowRect: true, strictFileInteractability: false, timeouts: {implicit: 0, pageLoad: 300000, script: 30000}, unhandledPromptBehavior: dismiss and notify, webauthn:extension:credBlob: true, webauthn:extension:largeBlob: true, webauthn:extension:minPinLength: true, webauthn:extension:prf: true, webauthn:virtualAuthenticators: true}
Session ID: 7bd919c3a74b236763bbf6ca4208bd05</error><system-err>timeout: Timed out receiving message from renderer: 298.804
  (Session info: headless chrome=117.0.5938.89)
Build info: version: '3.141.59', revision: 'e82be7d358', time: '2018-11-14T08:17:03'
System info: host: 'PCS15848', ip: '10.148.119.60', os.name: 'Windows 10', os.arch: 'amd64', os.version: '10.0', java.version: '1.8.0_392'
Driver info: org.openqa.selenium.chrome.ChromeDriver
Capabilities {acceptInsecureCerts: false, browserName: chrome, browserVersion: 117.0.5938.89, chrome: {chromedriverVersion: 116.0.5845.96 (1a3918166880..., userDataDir: C:\Users\A734509\AppData\Lo...}, fedcm:accounts: true, goog:chromeOptions: {debuggerAddress: localhost:58541}, javascriptEnabled: true, networkConnectionEnabled: false, pageLoadStrategy: normal, platform: WINDOWS, platformName: WINDOWS, proxy: Proxy(), setWindowRect: true, strictFileInteractability: false, timeouts: {implicit: 0, pageLoad: 300000, script: 30000}, unhandledPromptBehavior: dismiss and notify, webauthn:extension:credBlob: true, webauthn:extension:largeBlob: true, webauthn:extension:minPinLength: true, webauthn:extension:prf: true, webauthn:virtualAuthenticators: true}
Session ID: 7bd919c3a74b236763bbf6ca4208bd05&#13;
pageobjects.IRIS.FAD.GenericPage.openUrl(GenericPage.java:50)&#13;
steps.IRIS.FAD.FADGenericSteps.when_I_open_FAD_URL(FADGenericSteps.java:16)&#13;
steps.IRIS.FAD.ReviewVoucherAPEntriesSteps.given_that_Im_logged_into_Voucher_Entry_Review_page(ReviewVoucherAPEntriesSteps.java:19)&#13;
org.icrc.fadapplic.IRIS.FAD.AccountsPayable.ReviewAPEntries.paymentInformation(ReviewAPEntries.java:953)&#13;
</system-err></testcase><testcase classname="org.icrc.fadapplic.IRIS.FAD.AccountsPayable.ReviewAPEntries" name="Delete voucher AP entry"/><testcase classname="org.icrc.fadapplic.IRIS.FAD.AccountsPayable.ReviewAPEntries" name="Create voucher entry and test filter selection"/><testcase classname="org.icrc.fadapplic.IRIS.FAD.AccountsPayable.ReviewAPEntries" name="Create voucher entry review and delete"/></testsuite>